{"__type":"$$EventMessageWorkflow","id":"072e1c2d-de57-420e-8c2c-616b3c8820ba","ts":"2025-12-03T02:16:18.480-03:00","eventName":"n8n.workflow.started","message":"n8n.workflow.started","payload":{"executionId":"37","workflowId":"k8V5vYBDDZQIgXPq","isManual":false,"workflowName":"My workflow"}}
{"__type":"$$EventMessageConfirm","confirm":"072e1c2d-de57-420e-8c2c-616b3c8820ba","ts":"2025-12-03T02:16:18.481-03:00","source":{"id":"0","name":"eventBus"}}
{"__type":"$$EventMessageNode","id":"d601be07-7239-4f97-8d20-f93107b84d7c","ts":"2025-12-03T02:16:18.482-03:00","eventName":"n8n.node.started","message":"n8n.node.started","payload":{"workflowId":"k8V5vYBDDZQIgXPq","workflowName":"My workflow","executionId":"37","nodeType":"n8n-nodes-base.manualTrigger","nodeName":"When clicking ‘Execute workflow’","nodeId":"780d8ebb-7afa-4ac7-bc90-86b8b956744d"}}
{"__type":"$$EventMessageConfirm","confirm":"d601be07-7239-4f97-8d20-f93107b84d7c","ts":"2025-12-03T02:16:18.482-03:00","source":{"id":"0","name":"eventBus"}}
{"__type":"$$EventMessageNode","id":"fff48236-e625-45ec-a7fd-8e2696fffff6","ts":"2025-12-03T02:16:18.485-03:00","eventName":"n8n.node.finished","message":"n8n.node.finished","payload":{"workflowId":"k8V5vYBDDZQIgXPq","workflowName":"My workflow","executionId":"37","nodeType":"n8n-nodes-base.manualTrigger","nodeName":"When clicking ‘Execute workflow’","nodeId":"780d8ebb-7afa-4ac7-bc90-86b8b956744d"}}
{"__type":"$$EventMessageConfirm","confirm":"fff48236-e625-45ec-a7fd-8e2696fffff6","ts":"2025-12-03T02:16:18.485-03:00","source":{"id":"0","name":"eventBus"}}
{"__type":"$$EventMessageNode","id":"a9c743d0-d973-4d76-ac62-249ad7be3e54","ts":"2025-12-03T02:16:18.486-03:00","eventName":"n8n.node.started","message":"n8n.node.started","payload":{"workflowId":"k8V5vYBDDZQIgXPq","workflowName":"My workflow","executionId":"37","nodeType":"n8n-nodes-base.executeCommand","nodeName":"Execute Command","nodeId":"394d3f54-c7d1-4e1c-a4a6-d52546883b7d"}}
{"__type":"$$EventMessageConfirm","confirm":"a9c743d0-d973-4d76-ac62-249ad7be3e54","ts":"2025-12-03T02:16:18.486-03:00","source":{"id":"0","name":"eventBus"}}
{"__type":"$$EventMessageNode","id":"9021231d-c050-404a-af94-175bec66223b","ts":"2025-12-03T02:16:18.809-03:00","eventName":"n8n.node.finished","message":"n8n.node.finished","payload":{"workflowId":"k8V5vYBDDZQIgXPq","workflowName":"My workflow","executionId":"37","nodeType":"n8n-nodes-base.executeCommand","nodeName":"Execute Command","nodeId":"394d3f54-c7d1-4e1c-a4a6-d52546883b7d"}}
{"__type":"$$EventMessageConfirm","confirm":"9021231d-c050-404a-af94-175bec66223b","ts":"2025-12-03T02:16:18.810-03:00","source":{"id":"0","name":"eventBus"}}
{"__type":"$$EventMessageNode","id":"029696aa-6409-41ee-92c2-c250232ff86e","ts":"2025-12-03T02:16:18.811-03:00","eventName":"n8n.node.started","message":"n8n.node.started","payload":{"workflowId":"k8V5vYBDDZQIgXPq","workflowName":"My workflow","executionId":"37","nodeType":"n8n-nodes-base.dataTable","nodeName":"Insert row","nodeId":"ed73e52f-7050-4d42-b5e2-496a5224ac01"}}
{"__type":"$$EventMessageConfirm","confirm":"029696aa-6409-41ee-92c2-c250232ff86e","ts":"2025-12-03T02:16:18.811-03:00","source":{"id":"0","name":"eventBus"}}
{"__type":"$$EventMessageNode","id":"8c685881-4b68-4255-abc3-9e5e50e8c688","ts":"2025-12-03T02:16:18.828-03:00","eventName":"n8n.node.finished","message":"n8n.node.finished","payload":{"workflowId":"k8V5vYBDDZQIgXPq","workflowName":"My workflow","executionId":"37","nodeType":"n8n-nodes-base.dataTable","nodeName":"Insert row","nodeId":"ed73e52f-7050-4d42-b5e2-496a5224ac01"}}
{"__type":"$$EventMessageConfirm","confirm":"8c685881-4b68-4255-abc3-9e5e50e8c688","ts":"2025-12-03T02:16:18.828-03:00","source":{"id":"0","name":"eventBus"}}
{"__type":"$$EventMessageWorkflow","id":"f364a49b-6867-40c7-8220-e09e7d914725","ts":"2025-12-03T02:16:18.833-03:00","eventName":"n8n.workflow.success","message":"n8n.workflow.success","payload":{"userId":"864258fe-062f-487c-984a-3e936bc9459f","executionId":"37","success":true,"isManual":true,"workflowId":"k8V5vYBDDZQIgXPq","workflowName":"My workflow"}}
{"__type":"$$EventMessageConfirm","confirm":"f364a49b-6867-40c7-8220-e09e7d914725","ts":"2025-12-03T02:16:18.834-03:00","source":{"id":"0","name":"eventBus"}}
{"__type":"$$EventMessageAudit","id":"716d5939-b778-458b-85c3-371a44cab1e2","ts":"2025-12-03T02:20:27.473-03:00","eventName":"n8n.audit.workflow.updated","message":"n8n.audit.workflow.updated","payload":{"userId":"864258fe-062f-487c-984a-3e936bc9459f","_email":"augustopontes010@gmail.com","_firstName":"Augusto","_lastName":"Pontes","globalRole":"global:owner","workflowId":"k8V5vYBDDZQIgXPq","workflowName":"My workflow"}}
{"__type":"$$EventMessageConfirm","confirm":"716d5939-b778-458b-85c3-371a44cab1e2","ts":"2025-12-03T02:20:27.473-03:00","source":{"id":"0","name":"eventBus"}}
{"__type":"$$EventMessageWorkflow","id":"9edf903e-dd16-454d-8046-034f41715dfc","ts":"2025-12-03T02:20:28.420-03:00","eventName":"n8n.workflow.started","message":"n8n.workflow.started","payload":{"executionId":"38","workflowId":"k8V5vYBDDZQIgXPq","isManual":false,"workflowName":"My workflow"}}
{"__type":"$$EventMessageConfirm","confirm":"9edf903e-dd16-454d-8046-034f41715dfc","ts":"2025-12-03T02:20:28.420-03:00","source":{"id":"0","name":"eventBus"}}
{"__type":"$$EventMessageNode","id":"01bbabda-da9d-4134-85e0-d7099f78d7c8","ts":"2025-12-03T02:20:28.422-03:00","eventName":"n8n.node.started","message":"n8n.node.started","payload":{"workflowId":"k8V5vYBDDZQIgXPq","workflowName":"My workflow","executionId":"38","nodeType":"n8n-nodes-base.manualTrigger","nodeName":"When clicking ‘Execute workflow’","nodeId":"780d8ebb-7afa-4ac7-bc90-86b8b956744d"}}
{"__type":"$$EventMessageConfirm","confirm":"01bbabda-da9d-4134-85e0-d7099f78d7c8","ts":"2025-12-03T02:20:28.422-03:00","source":{"id":"0","name":"eventBus"}}
{"__type":"$$EventMessageNode","id":"bd621315-e9f8-4aad-8c42-d4c285a58640","ts":"2025-12-03T02:20:28.422-03:00","eventName":"n8n.node.finished","message":"n8n.node.finished","payload":{"workflowId":"k8V5vYBDDZQIgXPq","workflowName":"My workflow","executionId":"38","nodeType":"n8n-nodes-base.manualTrigger","nodeName":"When clicking ‘Execute workflow’","nodeId":"780d8ebb-7afa-4ac7-bc90-86b8b956744d"}}
{"__type":"$$EventMessageConfirm","confirm":"bd621315-e9f8-4aad-8c42-d4c285a58640","ts":"2025-12-03T02:20:28.423-03:00","source":{"id":"0","name":"eventBus"}}
{"__type":"$$EventMessageNode","id":"130f85a4-9c42-4155-b292-19ede9865801","ts":"2025-12-03T02:20:28.423-03:00","eventName":"n8n.node.started","message":"n8n.node.started","payload":{"workflowId":"k8V5vYBDDZQIgXPq","workflowName":"My workflow","executionId":"38","nodeType":"n8n-nodes-base.executeCommand","nodeName":"Execute Command","nodeId":"394d3f54-c7d1-4e1c-a4a6-d52546883b7d"}}
{"__type":"$$EventMessageConfirm","confirm":"130f85a4-9c42-4155-b292-19ede9865801","ts":"2025-12-03T02:20:28.423-03:00","source":{"id":"0","name":"eventBus"}}
{"__type":"$$EventMessageNode","id":"038a76eb-51f0-40b0-9b3b-4e64891e352d","ts":"2025-12-03T02:20:28.871-03:00","eventName":"n8n.node.finished","message":"n8n.node.finished","payload":{"workflowId":"k8V5vYBDDZQIgXPq","workflowName":"My workflow","executionId":"38","nodeType":"n8n-nodes-base.executeCommand","nodeName":"Execute Command","nodeId":"394d3f54-c7d1-4e1c-a4a6-d52546883b7d"}}
{"__type":"$$EventMessageConfirm","confirm":"038a76eb-51f0-40b0-9b3b-4e64891e352d","ts":"2025-12-03T02:20:28.871-03:00","source":{"id":"0","name":"eventBus"}}
{"__type":"$$EventMessageNode","id":"d65f14ab-c3c3-43f3-9063-03a232f90dbe","ts":"2025-12-03T02:20:28.872-03:00","eventName":"n8n.node.started","message":"n8n.node.started","payload":{"workflowId":"k8V5vYBDDZQIgXPq","workflowName":"My workflow","executionId":"38","nodeType":"n8n-nodes-base.dataTable","nodeName":"Insert row","nodeId":"ed73e52f-7050-4d42-b5e2-496a5224ac01"}}
{"__type":"$$EventMessageConfirm","confirm":"d65f14ab-c3c3-43f3-9063-03a232f90dbe","ts":"2025-12-03T02:20:28.872-03:00","source":{"id":"0","name":"eventBus"}}
{"__type":"$$EventMessageNode","id":"66a957eb-836e-480d-9446-522ae78f32f0","ts":"2025-12-03T02:20:28.884-03:00","eventName":"n8n.node.finished","message":"n8n.node.finished","payload":{"workflowId":"k8V5vYBDDZQIgXPq","workflowName":"My workflow","executionId":"38","nodeType":"n8n-nodes-base.dataTable","nodeName":"Insert row","nodeId":"ed73e52f-7050-4d42-b5e2-496a5224ac01"}}
{"__type":"$$EventMessageConfirm","confirm":"66a957eb-836e-480d-9446-522ae78f32f0","ts":"2025-12-03T02:20:28.884-03:00","source":{"id":"0","name":"eventBus"}}
{"__type":"$$EventMessageWorkflow","id":"7a358dbb-163d-4430-b737-a52bc62b295b","ts":"2025-12-03T02:20:28.887-03:00","eventName":"n8n.workflow.success","message":"n8n.workflow.success","payload":{"userId":"864258fe-062f-487c-984a-3e936bc9459f","executionId":"38","success":true,"isManual":true,"workflowId":"k8V5vYBDDZQIgXPq","workflowName":"My workflow"}}
{"__type":"$$EventMessageConfirm","confirm":"7a358dbb-163d-4430-b737-a52bc62b295b","ts":"2025-12-03T02:20:28.887-03:00","source":{"id":"0","name":"eventBus"}}
{"__type":"$$EventMessageWorkflow","id":"aa057dab-133d-42b9-aa0f-499a7fa4e387","ts":"2025-12-03T02:24:55.476-03:00","eventName":"n8n.workflow.started","message":"n8n.workflow.started","payload":{"executionId":"39","workflowId":"k8V5vYBDDZQIgXPq","isManual":false,"workflowName":"My workflow"}}
{"__type":"$$EventMessageConfirm","confirm":"aa057dab-133d-42b9-aa0f-499a7fa4e387","ts":"2025-12-03T02:24:55.476-03:00","source":{"id":"0","name":"eventBus"}}
{"__type":"$$EventMessageNode","id":"b2252767-e395-4c57-a6cd-f3c62ce8bc88","ts":"2025-12-03T02:24:55.476-03:00","eventName":"n8n.node.started","message":"n8n.node.started","payload":{"workflowId":"k8V5vYBDDZQIgXPq","workflowName":"My workflow","executionId":"39","nodeType":"n8n-nodes-base.manualTrigger","nodeName":"When clicking ‘Execute workflow’","nodeId":"780d8ebb-7afa-4ac7-bc90-86b8b956744d"}}
{"__type":"$$EventMessageConfirm","confirm":"b2252767-e395-4c57-a6cd-f3c62ce8bc88","ts":"2025-12-03T02:24:55.477-03:00","source":{"id":"0","name":"eventBus"}}
{"__type":"$$EventMessageNode","id":"c17cbaf8-5b78-4bc2-afb2-20bfa103e041","ts":"2025-12-03T02:24:55.477-03:00","eventName":"n8n.node.finished","message":"n8n.node.finished","payload":{"workflowId":"k8V5vYBDDZQIgXPq","workflowName":"My workflow","executionId":"39","nodeType":"n8n-nodes-base.manualTrigger","nodeName":"When clicking ‘Execute workflow’","nodeId":"780d8ebb-7afa-4ac7-bc90-86b8b956744d"}}
{"__type":"$$EventMessageConfirm","confirm":"c17cbaf8-5b78-4bc2-afb2-20bfa103e041","ts":"2025-12-03T02:24:55.477-03:00","source":{"id":"0","name":"eventBus"}}
{"__type":"$$EventMessageNode","id":"e55852c0-3fa4-4789-a4fd-4e82539b8f06","ts":"2025-12-03T02:24:55.477-03:00","eventName":"n8n.node.started","message":"n8n.node.started","payload":{"workflowId":"k8V5vYBDDZQIgXPq","workflowName":"My workflow","executionId":"39","nodeType":"n8n-nodes-base.executeCommand","nodeName":"Execute Command","nodeId":"394d3f54-c7d1-4e1c-a4a6-d52546883b7d"}}
{"__type":"$$EventMessageConfirm","confirm":"e55852c0-3fa4-4789-a4fd-4e82539b8f06","ts":"2025-12-03T02:24:55.478-03:00","source":{"id":"0","name":"eventBus"}}
{"__type":"$$EventMessageNode","id":"cc124573-b43e-4ffd-a81e-be4a09f2321e","ts":"2025-12-03T02:24:55.771-03:00","eventName":"n8n.node.finished","message":"n8n.node.finished","payload":{"workflowId":"k8V5vYBDDZQIgXPq","workflowName":"My workflow","executionId":"39","nodeType":"n8n-nodes-base.executeCommand","nodeName":"Execute Command","nodeId":"394d3f54-c7d1-4e1c-a4a6-d52546883b7d"}}
{"__type":"$$EventMessageConfirm","confirm":"cc124573-b43e-4ffd-a81e-be4a09f2321e","ts":"2025-12-03T02:24:55.771-03:00","source":{"id":"0","name":"eventBus"}}
{"__type":"$$EventMessageNode","id":"49404aeb-d674-4c7e-9a09-378d9b7fe365","ts":"2025-12-03T02:24:55.772-03:00","eventName":"n8n.node.started","message":"n8n.node.started","payload":{"workflowId":"k8V5vYBDDZQIgXPq","workflowName":"My workflow","executionId":"39","nodeType":"n8n-nodes-base.dataTable","nodeName":"Insert row","nodeId":"ed73e52f-7050-4d42-b5e2-496a5224ac01"}}
{"__type":"$$EventMessageConfirm","confirm":"49404aeb-d674-4c7e-9a09-378d9b7fe365","ts":"2025-12-03T02:24:55.772-03:00","source":{"id":"0","name":"eventBus"}}
{"__type":"$$EventMessageNode","id":"83be1763-3d04-4d9d-b7c6-eee4d14e98f4","ts":"2025-12-03T02:24:55.786-03:00","eventName":"n8n.node.finished","message":"n8n.node.finished","payload":{"workflowId":"k8V5vYBDDZQIgXPq","workflowName":"My workflow","executionId":"39","nodeType":"n8n-nodes-base.dataTable","nodeName":"Insert row","nodeId":"ed73e52f-7050-4d42-b5e2-496a5224ac01"}}
{"__type":"$$EventMessageConfirm","confirm":"83be1763-3d04-4d9d-b7c6-eee4d14e98f4","ts":"2025-12-03T02:24:55.786-03:00","source":{"id":"0","name":"eventBus"}}
{"__type":"$$EventMessageWorkflow","id":"4bb64190-46f3-4d29-8a3e-0be4b71b13f3","ts":"2025-12-03T02:24:55.788-03:00","eventName":"n8n.workflow.success","message":"n8n.workflow.success","payload":{"userId":"864258fe-062f-487c-984a-3e936bc9459f","executionId":"39","success":true,"isManual":true,"workflowId":"k8V5vYBDDZQIgXPq","workflowName":"My workflow"}}
{"__type":"$$EventMessageConfirm","confirm":"4bb64190-46f3-4d29-8a3e-0be4b71b13f3","ts":"2025-12-03T02:24:55.789-03:00","source":{"id":"0","name":"eventBus"}}
{"__type":"$$EventMessageAudit","id":"1e2a23fb-2ba0-42d5-a8ab-cd58e41bd2db","ts":"2025-12-03T02:25:07.791-03:00","eventName":"n8n.audit.workflow.updated","message":"n8n.audit.workflow.updated","payload":{"userId":"864258fe-062f-487c-984a-3e936bc9459f","_email":"augustopontes010@gmail.com","_firstName":"Augusto","_lastName":"Pontes","globalRole":"global:owner","workflowId":"k8V5vYBDDZQIgXPq","workflowName":"My workflow"}}
{"__type":"$$EventMessageConfirm","confirm":"1e2a23fb-2ba0-42d5-a8ab-cd58e41bd2db","ts":"2025-12-03T02:25:07.791-03:00","source":{"id":"0","name":"eventBus"}}
{"__type":"$$EventMessageWorkflow","id":"cec78591-01fa-41cf-b171-651696c820f2","ts":"2025-12-03T02:25:20.928-03:00","eventName":"n8n.workflow.started","message":"n8n.workflow.started","payload":{"executionId":"40","workflowId":"k8V5vYBDDZQIgXPq","isManual":false,"workflowName":"My workflow"}}
{"__type":"$$EventMessageConfirm","confirm":"cec78591-01fa-41cf-b171-651696c820f2","ts":"2025-12-03T02:25:20.928-03:00","source":{"id":"0","name":"eventBus"}}
{"__type":"$$EventMessageNode","id":"2afe3516-ec09-44fd-80c1-072b879cbda2","ts":"2025-12-03T02:25:20.929-03:00","eventName":"n8n.node.started","message":"n8n.node.started","payload":{"workflowId":"k8V5vYBDDZQIgXPq","workflowName":"My workflow","executionId":"40","nodeType":"n8n-nodes-base.manualTrigger","nodeName":"When clicking ‘Execute workflow’","nodeId":"780d8ebb-7afa-4ac7-bc90-86b8b956744d"}}
{"__type":"$$EventMessageConfirm","confirm":"2afe3516-ec09-44fd-80c1-072b879cbda2","ts":"2025-12-03T02:25:20.929-03:00","source":{"id":"0","name":"eventBus"}}
{"__type":"$$EventMessageNode","id":"c23f2d9d-b875-4f90-9844-77bd7f112a41","ts":"2025-12-03T02:25:20.930-03:00","eventName":"n8n.node.finished","message":"n8n.node.finished","payload":{"workflowId":"k8V5vYBDDZQIgXPq","workflowName":"My workflow","executionId":"40","nodeType":"n8n-nodes-base.manualTrigger","nodeName":"When clicking ‘Execute workflow’","nodeId":"780d8ebb-7afa-4ac7-bc90-86b8b956744d"}}
{"__type":"$$EventMessageConfirm","confirm":"c23f2d9d-b875-4f90-9844-77bd7f112a41","ts":"2025-12-03T02:25:20.930-03:00","source":{"id":"0","name":"eventBus"}}
{"__type":"$$EventMessageNode","id":"fabc6fb0-6058-47a7-9043-b3308f0fac87","ts":"2025-12-03T02:25:20.930-03:00","eventName":"n8n.node.started","message":"n8n.node.started","payload":{"workflowId":"k8V5vYBDDZQIgXPq","workflowName":"My workflow","executionId":"40","nodeType":"n8n-nodes-base.executeCommand","nodeName":"Execute Command","nodeId":"394d3f54-c7d1-4e1c-a4a6-d52546883b7d"}}
{"__type":"$$EventMessageConfirm","confirm":"fabc6fb0-6058-47a7-9043-b3308f0fac87","ts":"2025-12-03T02:25:20.930-03:00","source":{"id":"0","name":"eventBus"}}
{"__type":"$$EventMessageNode","id":"f26c8638-bd3a-4e29-8cb4-c41f5438dd0e","ts":"2025-12-03T02:25:21.237-03:00","eventName":"n8n.node.finished","message":"n8n.node.finished","payload":{"workflowId":"k8V5vYBDDZQIgXPq","workflowName":"My workflow","executionId":"40","nodeType":"n8n-nodes-base.executeCommand","nodeName":"Execute Command","nodeId":"394d3f54-c7d1-4e1c-a4a6-d52546883b7d"}}
{"__type":"$$EventMessageConfirm","confirm":"f26c8638-bd3a-4e29-8cb4-c41f5438dd0e","ts":"2025-12-03T02:25:21.237-03:00","source":{"id":"0","name":"eventBus"}}
{"__type":"$$EventMessageNode","id":"03c9cace-b925-4ca6-92e4-711a8ea89aa9","ts":"2025-12-03T02:25:21.238-03:00","eventName":"n8n.node.started","message":"n8n.node.started","payload":{"workflowId":"k8V5vYBDDZQIgXPq","workflowName":"My workflow","executionId":"40","nodeType":"n8n-nodes-base.dataTable","nodeName":"Insert row","nodeId":"ed73e52f-7050-4d42-b5e2-496a5224ac01"}}
{"__type":"$$EventMessageConfirm","confirm":"03c9cace-b925-4ca6-92e4-711a8ea89aa9","ts":"2025-12-03T02:25:21.238-03:00","source":{"id":"0","name":"eventBus"}}
{"__type":"$$EventMessageNode","id":"c2fff5d9-d7cb-42c4-a947-f60537e5d146","ts":"2025-12-03T02:25:21.252-03:00","eventName":"n8n.node.finished","message":"n8n.node.finished","payload":{"workflowId":"k8V5vYBDDZQIgXPq","workflowName":"My workflow","executionId":"40","nodeType":"n8n-nodes-base.dataTable","nodeName":"Insert row","nodeId":"ed73e52f-7050-4d42-b5e2-496a5224ac01"}}
{"__type":"$$EventMessageConfirm","confirm":"c2fff5d9-d7cb-42c4-a947-f60537e5d146","ts":"2025-12-03T02:25:21.252-03:00","source":{"id":"0","name":"eventBus"}}
{"__type":"$$EventMessageWorkflow","id":"c551f089-f3a5-4a8e-8a13-cb79a1fc63cc","ts":"2025-12-03T02:25:21.255-03:00","eventName":"n8n.workflow.success","message":"n8n.workflow.success","payload":{"userId":"864258fe-062f-487c-984a-3e936bc9459f","executionId":"40","success":true,"isManual":true,"workflowId":"k8V5vYBDDZQIgXPq","workflowName":"My workflow"}}
{"__type":"$$EventMessageConfirm","confirm":"c551f089-f3a5-4a8e-8a13-cb79a1fc63cc","ts":"2025-12-03T02:25:21.255-03:00","source":{"id":"0","name":"eventBus"}}
{"__type":"$$EventMessageWorkflow","id":"14b716d6-299f-4772-905d-ff641122f3ee","ts":"2025-12-03T02:28:07.125-03:00","eventName":"n8n.workflow.started","message":"n8n.workflow.started","payload":{"executionId":"41","workflowId":"k8V5vYBDDZQIgXPq","isManual":false,"workflowName":"My workflow"}}
{"__type":"$$EventMessageConfirm","confirm":"14b716d6-299f-4772-905d-ff641122f3ee","ts":"2025-12-03T02:28:07.125-03:00","source":{"id":"0","name":"eventBus"}}
{"__type":"$$EventMessageNode","id":"00057e8e-6989-4b4b-9a2a-f9e1729fda7e","ts":"2025-12-03T02:28:07.126-03:00","eventName":"n8n.node.started","message":"n8n.node.started","payload":{"workflowId":"k8V5vYBDDZQIgXPq","workflowName":"My workflow","executionId":"41","nodeType":"n8n-nodes-base.manualTrigger","nodeName":"When clicking ‘Execute workflow’","nodeId":"780d8ebb-7afa-4ac7-bc90-86b8b956744d"}}
{"__type":"$$EventMessageConfirm","confirm":"00057e8e-6989-4b4b-9a2a-f9e1729fda7e","ts":"2025-12-03T02:28:07.126-03:00","source":{"id":"0","name":"eventBus"}}
{"__type":"$$EventMessageNode","id":"f3e5f1f2-86d9-406b-846f-cd10051178cd","ts":"2025-12-03T02:28:07.126-03:00","eventName":"n8n.node.finished","message":"n8n.node.finished","payload":{"workflowId":"k8V5vYBDDZQIgXPq","workflowName":"My workflow","executionId":"41","nodeType":"n8n-nodes-base.manualTrigger","nodeName":"When clicking ‘Execute workflow’","nodeId":"780d8ebb-7afa-4ac7-bc90-86b8b956744d"}}
{"__type":"$$EventMessageConfirm","confirm":"f3e5f1f2-86d9-406b-846f-cd10051178cd","ts":"2025-12-03T02:28:07.126-03:00","source":{"id":"0","name":"eventBus"}}
{"__type":"$$EventMessageNode","id":"60398ef2-9d43-4ccd-a0dc-4163a460e39b","ts":"2025-12-03T02:28:07.127-03:00","eventName":"n8n.node.started","message":"n8n.node.started","payload":{"workflowId":"k8V5vYBDDZQIgXPq","workflowName":"My workflow","executionId":"41","nodeType":"n8n-nodes-base.executeCommand","nodeName":"Execute Command","nodeId":"394d3f54-c7d1-4e1c-a4a6-d52546883b7d"}}
{"__type":"$$EventMessageConfirm","confirm":"60398ef2-9d43-4ccd-a0dc-4163a460e39b","ts":"2025-12-03T02:28:07.127-03:00","source":{"id":"0","name":"eventBus"}}
{"__type":"$$EventMessageNode","id":"3c3648ac-a22c-460a-94bd-ff0f6baf24b1","ts":"2025-12-03T02:28:07.557-03:00","eventName":"n8n.node.finished","message":"n8n.node.finished","payload":{"workflowId":"k8V5vYBDDZQIgXPq","workflowName":"My workflow","executionId":"41","nodeType":"n8n-nodes-base.executeCommand","nodeName":"Execute Command","nodeId":"394d3f54-c7d1-4e1c-a4a6-d52546883b7d"}}
{"__type":"$$EventMessageConfirm","confirm":"3c3648ac-a22c-460a-94bd-ff0f6baf24b1","ts":"2025-12-03T02:28:07.557-03:00","source":{"id":"0","name":"eventBus"}}
{"__type":"$$EventMessageNode","id":"8dce4873-b134-44f6-870c-0a97ccc25ca9","ts":"2025-12-03T02:28:07.558-03:00","eventName":"n8n.node.started","message":"n8n.node.started","payload":{"workflowId":"k8V5vYBDDZQIgXPq","workflowName":"My workflow","executionId":"41","nodeType":"n8n-nodes-base.dataTable","nodeName":"Insert row","nodeId":"ed73e52f-7050-4d42-b5e2-496a5224ac01"}}
{"__type":"$$EventMessageConfirm","confirm":"8dce4873-b134-44f6-870c-0a97ccc25ca9","ts":"2025-12-03T02:28:07.558-03:00","source":{"id":"0","name":"eventBus"}}
{"__type":"$$EventMessageNode","id":"82dd826a-d59d-473d-b0f4-68b919713804","ts":"2025-12-03T02:28:07.573-03:00","eventName":"n8n.node.finished","message":"n8n.node.finished","payload":{"workflowId":"k8V5vYBDDZQIgXPq","workflowName":"My workflow","executionId":"41","nodeType":"n8n-nodes-base.dataTable","nodeName":"Insert row","nodeId":"ed73e52f-7050-4d42-b5e2-496a5224ac01"}}
{"__type":"$$EventMessageConfirm","confirm":"82dd826a-d59d-473d-b0f4-68b919713804","ts":"2025-12-03T02:28:07.573-03:00","source":{"id":"0","name":"eventBus"}}
{"__type":"$$EventMessageWorkflow","id":"cc6071c9-1980-4b6d-8130-8af2e60d5f11","ts":"2025-12-03T02:28:07.577-03:00","eventName":"n8n.workflow.success","message":"n8n.workflow.success","payload":{"userId":"864258fe-062f-487c-984a-3e936bc9459f","executionId":"41","success":true,"isManual":true,"workflowId":"k8V5vYBDDZQIgXPq","workflowName":"My workflow"}}
{"__type":"$$EventMessageConfirm","confirm":"cc6071c9-1980-4b6d-8130-8af2e60d5f11","ts":"2025-12-03T02:28:07.577-03:00","source":{"id":"0","name":"eventBus"}}
{"__type":"$$EventMessageWorkflow","id":"d9138e46-f3ea-435d-b69c-0f0a1d5f6666","ts":"2025-12-03T02:28:23.262-03:00","eventName":"n8n.workflow.started","message":"n8n.workflow.started","payload":{"executionId":"42","workflowId":"k8V5vYBDDZQIgXPq","isManual":false,"workflowName":"My workflow"}}
{"__type":"$$EventMessageConfirm","confirm":"d9138e46-f3ea-435d-b69c-0f0a1d5f6666","ts":"2025-12-03T02:28:23.263-03:00","source":{"id":"0","name":"eventBus"}}
{"__type":"$$EventMessageNode","id":"6ae7fffb-696f-4fb7-8370-bc84c2a88e3b","ts":"2025-12-03T02:28:23.264-03:00","eventName":"n8n.node.started","message":"n8n.node.started","payload":{"workflowId":"k8V5vYBDDZQIgXPq","workflowName":"My workflow","executionId":"42","nodeType":"n8n-nodes-base.manualTrigger","nodeName":"When clicking ‘Execute workflow’","nodeId":"780d8ebb-7afa-4ac7-bc90-86b8b956744d"}}
{"__type":"$$EventMessageConfirm","confirm":"6ae7fffb-696f-4fb7-8370-bc84c2a88e3b","ts":"2025-12-03T02:28:23.264-03:00","source":{"id":"0","name":"eventBus"}}
{"__type":"$$EventMessageNode","id":"b3ae57e6-94c6-4497-9ff5-50c0b20ba9ba","ts":"2025-12-03T02:28:23.264-03:00","eventName":"n8n.node.finished","message":"n8n.node.finished","payload":{"workflowId":"k8V5vYBDDZQIgXPq","workflowName":"My workflow","executionId":"42","nodeType":"n8n-nodes-base.manualTrigger","nodeName":"When clicking ‘Execute workflow’","nodeId":"780d8ebb-7afa-4ac7-bc90-86b8b956744d"}}
{"__type":"$$EventMessageConfirm","confirm":"b3ae57e6-94c6-4497-9ff5-50c0b20ba9ba","ts":"2025-12-03T02:28:23.264-03:00","source":{"id":"0","name":"eventBus"}}
{"__type":"$$EventMessageNode","id":"407d3556-c3b2-4afa-b799-8d10cfad66e0","ts":"2025-12-03T02:28:23.265-03:00","eventName":"n8n.node.started","message":"n8n.node.started","payload":{"workflowId":"k8V5vYBDDZQIgXPq","workflowName":"My workflow","executionId":"42","nodeType":"n8n-nodes-base.executeCommand","nodeName":"Execute Command","nodeId":"394d3f54-c7d1-4e1c-a4a6-d52546883b7d"}}
{"__type":"$$EventMessageConfirm","confirm":"407d3556-c3b2-4afa-b799-8d10cfad66e0","ts":"2025-12-03T02:28:23.265-03:00","source":{"id":"0","name":"eventBus"}}
{"__type":"$$EventMessageNode","id":"2c041fc5-5a0c-4300-a186-6338420f5481","ts":"2025-12-03T02:28:23.588-03:00","eventName":"n8n.node.finished","message":"n8n.node.finished","payload":{"workflowId":"k8V5vYBDDZQIgXPq","workflowName":"My workflow","executionId":"42","nodeType":"n8n-nodes-base.executeCommand","nodeName":"Execute Command","nodeId":"394d3f54-c7d1-4e1c-a4a6-d52546883b7d"}}
{"__type":"$$EventMessageConfirm","confirm":"2c041fc5-5a0c-4300-a186-6338420f5481","ts":"2025-12-03T02:28:23.588-03:00","source":{"id":"0","name":"eventBus"}}
{"__type":"$$EventMessageNode","id":"98d30d56-c256-488d-98aa-5266d1e67b28","ts":"2025-12-03T02:28:23.588-03:00","eventName":"n8n.node.started","message":"n8n.node.started","payload":{"workflowId":"k8V5vYBDDZQIgXPq","workflowName":"My workflow","executionId":"42","nodeType":"n8n-nodes-base.dataTable","nodeName":"Insert row","nodeId":"ed73e52f-7050-4d42-b5e2-496a5224ac01"}}
{"__type":"$$EventMessageConfirm","confirm":"98d30d56-c256-488d-98aa-5266d1e67b28","ts":"2025-12-03T02:28:23.588-03:00","source":{"id":"0","name":"eventBus"}}
{"__type":"$$EventMessageNode","id":"0424d241-9fb0-4a03-b6fc-d2c505301f95","ts":"2025-12-03T02:28:23.600-03:00","eventName":"n8n.node.finished","message":"n8n.node.finished","payload":{"workflowId":"k8V5vYBDDZQIgXPq","workflowName":"My workflow","executionId":"42","nodeType":"n8n-nodes-base.dataTable","nodeName":"Insert row","nodeId":"ed73e52f-7050-4d42-b5e2-496a5224ac01"}}
{"__type":"$$EventMessageConfirm","confirm":"0424d241-9fb0-4a03-b6fc-d2c505301f95","ts":"2025-12-03T02:28:23.600-03:00","source":{"id":"0","name":"eventBus"}}
{"__type":"$$EventMessageWorkflow","id":"ba8df035-e67e-4f44-90a6-baf5d4a18f4d","ts":"2025-12-03T02:28:23.602-03:00","eventName":"n8n.workflow.success","message":"n8n.workflow.success","payload":{"userId":"864258fe-062f-487c-984a-3e936bc9459f","executionId":"42","success":true,"isManual":true,"workflowId":"k8V5vYBDDZQIgXPq","workflowName":"My workflow"}}
{"__type":"$$EventMessageConfirm","confirm":"ba8df035-e67e-4f44-90a6-baf5d4a18f4d","ts":"2025-12-03T02:28:23.602-03:00","source":{"id":"0","name":"eventBus"}}
{"__type":"$$EventMessageWorkflow","id":"bb9e9c0d-7fd0-4b4e-b609-40644c8069fc","ts":"2025-12-03T02:32:55.239-03:00","eventName":"n8n.workflow.started","message":"n8n.workflow.started","payload":{"executionId":"43","workflowId":"k8V5vYBDDZQIgXPq","isManual":false,"workflowName":"My workflow"}}
{"__type":"$$EventMessageConfirm","confirm":"bb9e9c0d-7fd0-4b4e-b609-40644c8069fc","ts":"2025-12-03T02:32:55.239-03:00","source":{"id":"0","name":"eventBus"}}
{"__type":"$$EventMessageNode","id":"ac5c53de-99af-4aec-b764-92d005bf07bc","ts":"2025-12-03T02:32:55.241-03:00","eventName":"n8n.node.started","message":"n8n.node.started","payload":{"workflowId":"k8V5vYBDDZQIgXPq","workflowName":"My workflow","executionId":"43","nodeType":"n8n-nodes-base.manualTrigger","nodeName":"When clicking ‘Execute workflow’","nodeId":"780d8ebb-7afa-4ac7-bc90-86b8b956744d"}}
{"__type":"$$EventMessageConfirm","confirm":"ac5c53de-99af-4aec-b764-92d005bf07bc","ts":"2025-12-03T02:32:55.241-03:00","source":{"id":"0","name":"eventBus"}}
{"__type":"$$EventMessageNode","id":"01c6fe22-45e4-4ff0-b6ef-55bfe676b1e3","ts":"2025-12-03T02:32:55.241-03:00","eventName":"n8n.node.finished","message":"n8n.node.finished","payload":{"workflowId":"k8V5vYBDDZQIgXPq","workflowName":"My workflow","executionId":"43","nodeType":"n8n-nodes-base.manualTrigger","nodeName":"When clicking ‘Execute workflow’","nodeId":"780d8ebb-7afa-4ac7-bc90-86b8b956744d"}}
{"__type":"$$EventMessageConfirm","confirm":"01c6fe22-45e4-4ff0-b6ef-55bfe676b1e3","ts":"2025-12-03T02:32:55.241-03:00","source":{"id":"0","name":"eventBus"}}
{"__type":"$$EventMessageWorkflow","id":"eb4f6277-50ad-4b7f-a51a-fc9a7a34bf42","ts":"2025-12-03T02:32:55.244-03:00","eventName":"n8n.workflow.success","message":"n8n.workflow.success","payload":{"userId":"864258fe-062f-487c-984a-3e936bc9459f","executionId":"43","success":true,"isManual":true,"workflowId":"k8V5vYBDDZQIgXPq","workflowName":"My workflow"}}
{"__type":"$$EventMessageConfirm","confirm":"eb4f6277-50ad-4b7f-a51a-fc9a7a34bf42","ts":"2025-12-03T02:32:55.244-03:00","source":{"id":"0","name":"eventBus"}}
{"__type":"$$EventMessageWorkflow","id":"d303ca36-53d7-421a-8a55-b846ea7bd68e","ts":"2025-12-03T02:33:01.583-03:00","eventName":"n8n.workflow.started","message":"n8n.workflow.started","payload":{"executionId":"44","workflowId":"k8V5vYBDDZQIgXPq","isManual":false,"workflowName":"My workflow"}}
{"__type":"$$EventMessageConfirm","confirm":"d303ca36-53d7-421a-8a55-b846ea7bd68e","ts":"2025-12-03T02:33:01.583-03:00","source":{"id":"0","name":"eventBus"}}
{"__type":"$$EventMessageNode","id":"a25fb918-27ec-4ea0-a9d1-a68243bcf3a9","ts":"2025-12-03T02:33:01.584-03:00","eventName":"n8n.node.started","message":"n8n.node.started","payload":{"workflowId":"k8V5vYBDDZQIgXPq","workflowName":"My workflow","executionId":"44","nodeType":"n8n-nodes-base.manualTrigger","nodeName":"When clicking ‘Execute workflow’","nodeId":"780d8ebb-7afa-4ac7-bc90-86b8b956744d"}}
{"__type":"$$EventMessageConfirm","confirm":"a25fb918-27ec-4ea0-a9d1-a68243bcf3a9","ts":"2025-12-03T02:33:01.584-03:00","source":{"id":"0","name":"eventBus"}}
{"__type":"$$EventMessageNode","id":"89a696ec-9443-4cbd-905a-dc8638473e2d","ts":"2025-12-03T02:33:01.585-03:00","eventName":"n8n.node.finished","message":"n8n.node.finished","payload":{"workflowId":"k8V5vYBDDZQIgXPq","workflowName":"My workflow","executionId":"44","nodeType":"n8n-nodes-base.manualTrigger","nodeName":"When clicking ‘Execute workflow’","nodeId":"780d8ebb-7afa-4ac7-bc90-86b8b956744d"}}
{"__type":"$$EventMessageConfirm","confirm":"89a696ec-9443-4cbd-905a-dc8638473e2d","ts":"2025-12-03T02:33:01.585-03:00","source":{"id":"0","name":"eventBus"}}
{"__type":"$$EventMessageNode","id":"98765e22-eeb3-485f-a29c-15e9d40bf43c","ts":"2025-12-03T02:33:01.585-03:00","eventName":"n8n.node.started","message":"n8n.node.started","payload":{"workflowId":"k8V5vYBDDZQIgXPq","workflowName":"My workflow","executionId":"44","nodeType":"n8n-nodes-base.executeCommand","nodeName":"Execute Command","nodeId":"394d3f54-c7d1-4e1c-a4a6-d52546883b7d"}}
{"__type":"$$EventMessageConfirm","confirm":"98765e22-eeb3-485f-a29c-15e9d40bf43c","ts":"2025-12-03T02:33:01.585-03:00","source":{"id":"0","name":"eventBus"}}
{"__type":"$$EventMessageNode","id":"631dddfd-5a60-4ee2-8d43-66ebb2342db2","ts":"2025-12-03T02:33:02.021-03:00","eventName":"n8n.node.finished","message":"n8n.node.finished","payload":{"workflowId":"k8V5vYBDDZQIgXPq","workflowName":"My workflow","executionId":"44","nodeType":"n8n-nodes-base.executeCommand","nodeName":"Execute Command","nodeId":"394d3f54-c7d1-4e1c-a4a6-d52546883b7d"}}
{"__type":"$$EventMessageConfirm","confirm":"631dddfd-5a60-4ee2-8d43-66ebb2342db2","ts":"2025-12-03T02:33:02.021-03:00","source":{"id":"0","name":"eventBus"}}
{"__type":"$$EventMessageNode","id":"4a93391d-f2ca-45e0-8564-544beb5a354b","ts":"2025-12-03T02:33:02.022-03:00","eventName":"n8n.node.started","message":"n8n.node.started","payload":{"workflowId":"k8V5vYBDDZQIgXPq","workflowName":"My workflow","executionId":"44","nodeType":"n8n-nodes-base.dataTable","nodeName":"Insert row","nodeId":"ed73e52f-7050-4d42-b5e2-496a5224ac01"}}
{"__type":"$$EventMessageConfirm","confirm":"4a93391d-f2ca-45e0-8564-544beb5a354b","ts":"2025-12-03T02:33:02.022-03:00","source":{"id":"0","name":"eventBus"}}
{"__type":"$$EventMessageNode","id":"5ff60f71-5aa7-4453-93db-a3191c9a6937","ts":"2025-12-03T02:33:02.036-03:00","eventName":"n8n.node.finished","message":"n8n.node.finished","payload":{"workflowId":"k8V5vYBDDZQIgXPq","workflowName":"My workflow","executionId":"44","nodeType":"n8n-nodes-base.dataTable","nodeName":"Insert row","nodeId":"ed73e52f-7050-4d42-b5e2-496a5224ac01"}}
{"__type":"$$EventMessageConfirm","confirm":"5ff60f71-5aa7-4453-93db-a3191c9a6937","ts":"2025-12-03T02:33:02.036-03:00","source":{"id":"0","name":"eventBus"}}
{"__type":"$$EventMessageWorkflow","id":"c9a773b8-5b0b-48f0-a8c7-bf27db7f5744","ts":"2025-12-03T02:33:02.038-03:00","eventName":"n8n.workflow.success","message":"n8n.workflow.success","payload":{"userId":"864258fe-062f-487c-984a-3e936bc9459f","executionId":"44","success":true,"isManual":true,"workflowId":"k8V5vYBDDZQIgXPq","workflowName":"My workflow"}}
{"__type":"$$EventMessageConfirm","confirm":"c9a773b8-5b0b-48f0-a8c7-bf27db7f5744","ts":"2025-12-03T02:33:02.038-03:00","source":{"id":"0","name":"eventBus"}}
{"__type":"$$EventMessageWorkflow","id":"fd425da1-3dbb-4d9a-b84e-aabdfda47a5d","ts":"2025-12-03T02:33:51.745-03:00","eventName":"n8n.workflow.started","message":"n8n.workflow.started","payload":{"executionId":"45","workflowId":"k8V5vYBDDZQIgXPq","isManual":false,"workflowName":"My workflow"}}
{"__type":"$$EventMessageConfirm","confirm":"fd425da1-3dbb-4d9a-b84e-aabdfda47a5d","ts":"2025-12-03T02:33:51.745-03:00","source":{"id":"0","name":"eventBus"}}
{"__type":"$$EventMessageNode","id":"13db5899-96d0-43e2-aea4-219703ac46d3","ts":"2025-12-03T02:33:51.746-03:00","eventName":"n8n.node.started","message":"n8n.node.started","payload":{"workflowId":"k8V5vYBDDZQIgXPq","workflowName":"My workflow","executionId":"45","nodeType":"n8n-nodes-base.manualTrigger","nodeName":"When clicking ‘Execute workflow’","nodeId":"780d8ebb-7afa-4ac7-bc90-86b8b956744d"}}
{"__type":"$$EventMessageConfirm","confirm":"13db5899-96d0-43e2-aea4-219703ac46d3","ts":"2025-12-03T02:33:51.747-03:00","source":{"id":"0","name":"eventBus"}}
{"__type":"$$EventMessageNode","id":"c4df9a48-ed71-4907-a7bf-ebd5c9990a8b","ts":"2025-12-03T02:33:51.747-03:00","eventName":"n8n.node.finished","message":"n8n.node.finished","payload":{"workflowId":"k8V5vYBDDZQIgXPq","workflowName":"My workflow","executionId":"45","nodeType":"n8n-nodes-base.manualTrigger","nodeName":"When clicking ‘Execute workflow’","nodeId":"780d8ebb-7afa-4ac7-bc90-86b8b956744d"}}
{"__type":"$$EventMessageConfirm","confirm":"c4df9a48-ed71-4907-a7bf-ebd5c9990a8b","ts":"2025-12-03T02:33:51.747-03:00","source":{"id":"0","name":"eventBus"}}
{"__type":"$$EventMessageNode","id":"d89c3088-56fa-45b4-b11a-705c245fc4b9","ts":"2025-12-03T02:33:51.748-03:00","eventName":"n8n.node.started","message":"n8n.node.started","payload":{"workflowId":"k8V5vYBDDZQIgXPq","workflowName":"My workflow","executionId":"45","nodeType":"n8n-nodes-base.executeCommand","nodeName":"Execute Command","nodeId":"394d3f54-c7d1-4e1c-a4a6-d52546883b7d"}}
{"__type":"$$EventMessageConfirm","confirm":"d89c3088-56fa-45b4-b11a-705c245fc4b9","ts":"2025-12-03T02:33:51.748-03:00","source":{"id":"0","name":"eventBus"}}
{"__type":"$$EventMessageNode","id":"f8c87f10-c7c7-4aed-9cd9-aee53a92ef35","ts":"2025-12-03T02:33:52.181-03:00","eventName":"n8n.node.finished","message":"n8n.node.finished","payload":{"workflowId":"k8V5vYBDDZQIgXPq","workflowName":"My workflow","executionId":"45","nodeType":"n8n-nodes-base.executeCommand","nodeName":"Execute Command","nodeId":"394d3f54-c7d1-4e1c-a4a6-d52546883b7d"}}
{"__type":"$$EventMessageConfirm","confirm":"f8c87f10-c7c7-4aed-9cd9-aee53a92ef35","ts":"2025-12-03T02:33:52.181-03:00","source":{"id":"0","name":"eventBus"}}
{"__type":"$$EventMessageNode","id":"c1de09b7-500e-4c72-a756-46d1c7f8d003","ts":"2025-12-03T02:33:52.182-03:00","eventName":"n8n.node.started","message":"n8n.node.started","payload":{"workflowId":"k8V5vYBDDZQIgXPq","workflowName":"My workflow","executionId":"45","nodeType":"n8n-nodes-base.dataTable","nodeName":"Insert row","nodeId":"ed73e52f-7050-4d42-b5e2-496a5224ac01"}}
{"__type":"$$EventMessageConfirm","confirm":"c1de09b7-500e-4c72-a756-46d1c7f8d003","ts":"2025-12-03T02:33:52.182-03:00","source":{"id":"0","name":"eventBus"}}
{"__type":"$$EventMessageNode","id":"2e8dd2d9-8d9d-423b-b5ef-bbc5c1a18dc1","ts":"2025-12-03T02:33:52.196-03:00","eventName":"n8n.node.finished","message":"n8n.node.finished","payload":{"workflowId":"k8V5vYBDDZQIgXPq","workflowName":"My workflow","executionId":"45","nodeType":"n8n-nodes-base.dataTable","nodeName":"Insert row","nodeId":"ed73e52f-7050-4d42-b5e2-496a5224ac01"}}
{"__type":"$$EventMessageConfirm","confirm":"2e8dd2d9-8d9d-423b-b5ef-bbc5c1a18dc1","ts":"2025-12-03T02:33:52.196-03:00","source":{"id":"0","name":"eventBus"}}
{"__type":"$$EventMessageWorkflow","id":"0ca849e5-b94d-4bc6-9092-7ee7b133cef2","ts":"2025-12-03T02:33:52.198-03:00","eventName":"n8n.workflow.success","message":"n8n.workflow.success","payload":{"userId":"864258fe-062f-487c-984a-3e936bc9459f","executionId":"45","success":true,"isManual":true,"workflowId":"k8V5vYBDDZQIgXPq","workflowName":"My workflow"}}
{"__type":"$$EventMessageConfirm","confirm":"0ca849e5-b94d-4bc6-9092-7ee7b133cef2","ts":"2025-12-03T02:33:52.198-03:00","source":{"id":"0","name":"eventBus"}}
