{"__type":"$$EventMessageWorkflow","id":"e37676b0-6e19-4a2e-9435-175f1f21f718","ts":"2025-12-03T02:39:17.052-03:00","eventName":"n8n.workflow.started","message":"n8n.workflow.started","payload":{"executionId":"47","workflowId":"k8V5vYBDDZQIgXPq","isManual":false,"workflowName":"My workflow"}}
{"__type":"$$EventMessageConfirm","confirm":"e37676b0-6e19-4a2e-9435-175f1f21f718","ts":"2025-12-03T02:39:17.052-03:00","source":{"id":"0","name":"eventBus"}}
{"__type":"$$EventMessageNode","id":"1abca3bc-5897-4273-8a6a-ddd9d27d79e1","ts":"2025-12-03T02:39:17.054-03:00","eventName":"n8n.node.started","message":"n8n.node.started","payload":{"workflowId":"k8V5vYBDDZQIgXPq","workflowName":"My workflow","executionId":"47","nodeType":"n8n-nodes-base.manualTrigger","nodeName":"When clicking ‘Execute workflow’","nodeId":"780d8ebb-7afa-4ac7-bc90-86b8b956744d"}}
{"__type":"$$EventMessageConfirm","confirm":"1abca3bc-5897-4273-8a6a-ddd9d27d79e1","ts":"2025-12-03T02:39:17.054-03:00","source":{"id":"0","name":"eventBus"}}
{"__type":"$$EventMessageNode","id":"664278fa-4a17-499f-8a9d-0a011869a7ba","ts":"2025-12-03T02:39:17.056-03:00","eventName":"n8n.node.finished","message":"n8n.node.finished","payload":{"workflowId":"k8V5vYBDDZQIgXPq","workflowName":"My workflow","executionId":"47","nodeType":"n8n-nodes-base.manualTrigger","nodeName":"When clicking ‘Execute workflow’","nodeId":"780d8ebb-7afa-4ac7-bc90-86b8b956744d"}}
{"__type":"$$EventMessageConfirm","confirm":"664278fa-4a17-499f-8a9d-0a011869a7ba","ts":"2025-12-03T02:39:17.056-03:00","source":{"id":"0","name":"eventBus"}}
{"__type":"$$EventMessageNode","id":"44293970-d020-4bf1-a3af-be4fcb1b96f1","ts":"2025-12-03T02:39:17.057-03:00","eventName":"n8n.node.started","message":"n8n.node.started","payload":{"workflowId":"k8V5vYBDDZQIgXPq","workflowName":"My workflow","executionId":"47","nodeType":"n8n-nodes-base.executeCommand","nodeName":"Execute Command","nodeId":"394d3f54-c7d1-4e1c-a4a6-d52546883b7d"}}
{"__type":"$$EventMessageConfirm","confirm":"44293970-d020-4bf1-a3af-be4fcb1b96f1","ts":"2025-12-03T02:39:17.057-03:00","source":{"id":"0","name":"eventBus"}}
{"__type":"$$EventMessageNode","id":"0af26ce3-60a3-4b59-ad2e-a5c562f49deb","ts":"2025-12-03T02:39:17.304-03:00","eventName":"n8n.node.finished","message":"n8n.node.finished","payload":{"workflowId":"k8V5vYBDDZQIgXPq","workflowName":"My workflow","executionId":"47","nodeType":"n8n-nodes-base.executeCommand","nodeName":"Execute Command","nodeId":"394d3f54-c7d1-4e1c-a4a6-d52546883b7d"}}
{"__type":"$$EventMessageConfirm","confirm":"0af26ce3-60a3-4b59-ad2e-a5c562f49deb","ts":"2025-12-03T02:39:17.304-03:00","source":{"id":"0","name":"eventBus"}}
{"__type":"$$EventMessageNode","id":"de664d51-326a-4e4f-bc37-b73d121cae61","ts":"2025-12-03T02:39:17.305-03:00","eventName":"n8n.node.started","message":"n8n.node.started","payload":{"workflowId":"k8V5vYBDDZQIgXPq","workflowName":"My workflow","executionId":"47","nodeType":"n8n-nodes-base.dataTable","nodeName":"Insert row","nodeId":"ed73e52f-7050-4d42-b5e2-496a5224ac01"}}
{"__type":"$$EventMessageConfirm","confirm":"de664d51-326a-4e4f-bc37-b73d121cae61","ts":"2025-12-03T02:39:17.305-03:00","source":{"id":"0","name":"eventBus"}}
{"__type":"$$EventMessageNode","id":"46011726-5f0d-450f-a373-6563875b8340","ts":"2025-12-03T02:39:17.319-03:00","eventName":"n8n.node.finished","message":"n8n.node.finished","payload":{"workflowId":"k8V5vYBDDZQIgXPq","workflowName":"My workflow","executionId":"47","nodeType":"n8n-nodes-base.dataTable","nodeName":"Insert row","nodeId":"ed73e52f-7050-4d42-b5e2-496a5224ac01"}}
{"__type":"$$EventMessageConfirm","confirm":"46011726-5f0d-450f-a373-6563875b8340","ts":"2025-12-03T02:39:17.320-03:00","source":{"id":"0","name":"eventBus"}}
{"__type":"$$EventMessageWorkflow","id":"1b474862-deca-492c-a1c6-bd54fc73c0ad","ts":"2025-12-03T02:39:17.323-03:00","eventName":"n8n.workflow.success","message":"n8n.workflow.success","payload":{"userId":"864258fe-062f-487c-984a-3e936bc9459f","executionId":"47","success":true,"isManual":true,"workflowId":"k8V5vYBDDZQIgXPq","workflowName":"My workflow"}}
{"__type":"$$EventMessageConfirm","confirm":"1b474862-deca-492c-a1c6-bd54fc73c0ad","ts":"2025-12-03T02:39:17.323-03:00","source":{"id":"0","name":"eventBus"}}
{"__type":"$$EventMessageWorkflow","id":"c394f11e-1dda-4921-aad3-c44f8498f1e1","ts":"2025-12-03T02:40:09.506-03:00","eventName":"n8n.workflow.started","message":"n8n.workflow.started","payload":{"executionId":"48","workflowId":"k8V5vYBDDZQIgXPq","isManual":false,"workflowName":"My workflow"}}
{"__type":"$$EventMessageConfirm","confirm":"c394f11e-1dda-4921-aad3-c44f8498f1e1","ts":"2025-12-03T02:40:09.506-03:00","source":{"id":"0","name":"eventBus"}}
{"__type":"$$EventMessageNode","id":"d1389b1b-ea44-408c-a38b-fd5c9e5f5d7b","ts":"2025-12-03T02:40:09.507-03:00","eventName":"n8n.node.started","message":"n8n.node.started","payload":{"workflowId":"k8V5vYBDDZQIgXPq","workflowName":"My workflow","executionId":"48","nodeType":"n8n-nodes-base.manualTrigger","nodeName":"When clicking ‘Execute workflow’","nodeId":"780d8ebb-7afa-4ac7-bc90-86b8b956744d"}}
{"__type":"$$EventMessageConfirm","confirm":"d1389b1b-ea44-408c-a38b-fd5c9e5f5d7b","ts":"2025-12-03T02:40:09.507-03:00","source":{"id":"0","name":"eventBus"}}
{"__type":"$$EventMessageNode","id":"aadeee39-0403-4286-9d39-d6cecc78983e","ts":"2025-12-03T02:40:09.508-03:00","eventName":"n8n.node.finished","message":"n8n.node.finished","payload":{"workflowId":"k8V5vYBDDZQIgXPq","workflowName":"My workflow","executionId":"48","nodeType":"n8n-nodes-base.manualTrigger","nodeName":"When clicking ‘Execute workflow’","nodeId":"780d8ebb-7afa-4ac7-bc90-86b8b956744d"}}
{"__type":"$$EventMessageConfirm","confirm":"aadeee39-0403-4286-9d39-d6cecc78983e","ts":"2025-12-03T02:40:09.508-03:00","source":{"id":"0","name":"eventBus"}}
{"__type":"$$EventMessageNode","id":"9a39d395-5694-4d78-8fb7-880c2034aa83","ts":"2025-12-03T02:40:09.508-03:00","eventName":"n8n.node.started","message":"n8n.node.started","payload":{"workflowId":"k8V5vYBDDZQIgXPq","workflowName":"My workflow","executionId":"48","nodeType":"n8n-nodes-base.executeCommand","nodeName":"Execute Command","nodeId":"394d3f54-c7d1-4e1c-a4a6-d52546883b7d"}}
{"__type":"$$EventMessageConfirm","confirm":"9a39d395-5694-4d78-8fb7-880c2034aa83","ts":"2025-12-03T02:40:09.509-03:00","source":{"id":"0","name":"eventBus"}}
{"__type":"$$EventMessageNode","id":"5d51122f-826b-4cab-921b-9dcacbdf6867","ts":"2025-12-03T02:40:09.767-03:00","eventName":"n8n.node.finished","message":"n8n.node.finished","payload":{"workflowId":"k8V5vYBDDZQIgXPq","workflowName":"My workflow","executionId":"48","nodeType":"n8n-nodes-base.executeCommand","nodeName":"Execute Command","nodeId":"394d3f54-c7d1-4e1c-a4a6-d52546883b7d"}}
{"__type":"$$EventMessageConfirm","confirm":"5d51122f-826b-4cab-921b-9dcacbdf6867","ts":"2025-12-03T02:40:09.767-03:00","source":{"id":"0","name":"eventBus"}}
{"__type":"$$EventMessageNode","id":"4f2d7eab-9c05-4ab1-a0c9-d07ceff85971","ts":"2025-12-03T02:40:09.768-03:00","eventName":"n8n.node.started","message":"n8n.node.started","payload":{"workflowId":"k8V5vYBDDZQIgXPq","workflowName":"My workflow","executionId":"48","nodeType":"n8n-nodes-base.dataTable","nodeName":"Insert row","nodeId":"ed73e52f-7050-4d42-b5e2-496a5224ac01"}}
{"__type":"$$EventMessageConfirm","confirm":"4f2d7eab-9c05-4ab1-a0c9-d07ceff85971","ts":"2025-12-03T02:40:09.768-03:00","source":{"id":"0","name":"eventBus"}}
{"__type":"$$EventMessageNode","id":"547fb9b5-0866-4683-a59f-f797571c52be","ts":"2025-12-03T02:40:09.779-03:00","eventName":"n8n.node.finished","message":"n8n.node.finished","payload":{"workflowId":"k8V5vYBDDZQIgXPq","workflowName":"My workflow","executionId":"48","nodeType":"n8n-nodes-base.dataTable","nodeName":"Insert row","nodeId":"ed73e52f-7050-4d42-b5e2-496a5224ac01"}}
{"__type":"$$EventMessageConfirm","confirm":"547fb9b5-0866-4683-a59f-f797571c52be","ts":"2025-12-03T02:40:09.779-03:00","source":{"id":"0","name":"eventBus"}}
{"__type":"$$EventMessageWorkflow","id":"d2eb58ef-3763-4dbe-bc0b-d280449d9457","ts":"2025-12-03T02:40:09.782-03:00","eventName":"n8n.workflow.success","message":"n8n.workflow.success","payload":{"userId":"864258fe-062f-487c-984a-3e936bc9459f","executionId":"48","success":true,"isManual":true,"workflowId":"k8V5vYBDDZQIgXPq","workflowName":"My workflow"}}
{"__type":"$$EventMessageConfirm","confirm":"d2eb58ef-3763-4dbe-bc0b-d280449d9457","ts":"2025-12-03T02:40:09.782-03:00","source":{"id":"0","name":"eventBus"}}
{"__type":"$$EventMessageWorkflow","id":"fd2f8c57-f941-48ee-a78e-ce824a9d2362","ts":"2025-12-03T02:41:03.048-03:00","eventName":"n8n.workflow.started","message":"n8n.workflow.started","payload":{"executionId":"49","workflowId":"k8V5vYBDDZQIgXPq","isManual":false,"workflowName":"My workflow"}}
{"__type":"$$EventMessageConfirm","confirm":"fd2f8c57-f941-48ee-a78e-ce824a9d2362","ts":"2025-12-03T02:41:03.048-03:00","source":{"id":"0","name":"eventBus"}}
{"__type":"$$EventMessageNode","id":"5128f14b-b9b3-4ae5-9032-163f7ff2a806","ts":"2025-12-03T02:41:03.049-03:00","eventName":"n8n.node.started","message":"n8n.node.started","payload":{"workflowId":"k8V5vYBDDZQIgXPq","workflowName":"My workflow","executionId":"49","nodeType":"n8n-nodes-base.manualTrigger","nodeName":"When clicking ‘Execute workflow’","nodeId":"780d8ebb-7afa-4ac7-bc90-86b8b956744d"}}
{"__type":"$$EventMessageConfirm","confirm":"5128f14b-b9b3-4ae5-9032-163f7ff2a806","ts":"2025-12-03T02:41:03.049-03:00","source":{"id":"0","name":"eventBus"}}
{"__type":"$$EventMessageNode","id":"021cf479-0e57-44b9-aaf6-fe8610b5928e","ts":"2025-12-03T02:41:03.050-03:00","eventName":"n8n.node.finished","message":"n8n.node.finished","payload":{"workflowId":"k8V5vYBDDZQIgXPq","workflowName":"My workflow","executionId":"49","nodeType":"n8n-nodes-base.manualTrigger","nodeName":"When clicking ‘Execute workflow’","nodeId":"780d8ebb-7afa-4ac7-bc90-86b8b956744d"}}
{"__type":"$$EventMessageConfirm","confirm":"021cf479-0e57-44b9-aaf6-fe8610b5928e","ts":"2025-12-03T02:41:03.050-03:00","source":{"id":"0","name":"eventBus"}}
{"__type":"$$EventMessageNode","id":"7d84114f-000d-4fc3-87db-f0a834570976","ts":"2025-12-03T02:41:03.050-03:00","eventName":"n8n.node.started","message":"n8n.node.started","payload":{"workflowId":"k8V5vYBDDZQIgXPq","workflowName":"My workflow","executionId":"49","nodeType":"n8n-nodes-base.executeCommand","nodeName":"Execute Command","nodeId":"394d3f54-c7d1-4e1c-a4a6-d52546883b7d"}}
{"__type":"$$EventMessageConfirm","confirm":"7d84114f-000d-4fc3-87db-f0a834570976","ts":"2025-12-03T02:41:03.050-03:00","source":{"id":"0","name":"eventBus"}}
{"__type":"$$EventMessageNode","id":"8d99f744-6a73-4bca-b8c5-2d43d45cedc1","ts":"2025-12-03T02:41:03.284-03:00","eventName":"n8n.node.finished","message":"n8n.node.finished","payload":{"workflowId":"k8V5vYBDDZQIgXPq","workflowName":"My workflow","executionId":"49","nodeType":"n8n-nodes-base.executeCommand","nodeName":"Execute Command","nodeId":"394d3f54-c7d1-4e1c-a4a6-d52546883b7d"}}
{"__type":"$$EventMessageConfirm","confirm":"8d99f744-6a73-4bca-b8c5-2d43d45cedc1","ts":"2025-12-03T02:41:03.284-03:00","source":{"id":"0","name":"eventBus"}}
{"__type":"$$EventMessageNode","id":"3628befa-5f8a-408f-8b2f-e22f4d368170","ts":"2025-12-03T02:41:03.284-03:00","eventName":"n8n.node.started","message":"n8n.node.started","payload":{"workflowId":"k8V5vYBDDZQIgXPq","workflowName":"My workflow","executionId":"49","nodeType":"n8n-nodes-base.dataTable","nodeName":"Insert row","nodeId":"ed73e52f-7050-4d42-b5e2-496a5224ac01"}}
{"__type":"$$EventMessageConfirm","confirm":"3628befa-5f8a-408f-8b2f-e22f4d368170","ts":"2025-12-03T02:41:03.284-03:00","source":{"id":"0","name":"eventBus"}}
{"__type":"$$EventMessageNode","id":"4d948025-f1b3-436d-8312-6154396d9823","ts":"2025-12-03T02:41:03.295-03:00","eventName":"n8n.node.finished","message":"n8n.node.finished","payload":{"workflowId":"k8V5vYBDDZQIgXPq","workflowName":"My workflow","executionId":"49","nodeType":"n8n-nodes-base.dataTable","nodeName":"Insert row","nodeId":"ed73e52f-7050-4d42-b5e2-496a5224ac01"}}
{"__type":"$$EventMessageConfirm","confirm":"4d948025-f1b3-436d-8312-6154396d9823","ts":"2025-12-03T02:41:03.295-03:00","source":{"id":"0","name":"eventBus"}}
{"__type":"$$EventMessageWorkflow","id":"dc665a67-9135-45e9-ac8e-5eebfc2d0e4b","ts":"2025-12-03T02:41:03.296-03:00","eventName":"n8n.workflow.success","message":"n8n.workflow.success","payload":{"userId":"864258fe-062f-487c-984a-3e936bc9459f","executionId":"49","success":true,"isManual":true,"workflowId":"k8V5vYBDDZQIgXPq","workflowName":"My workflow"}}
{"__type":"$$EventMessageConfirm","confirm":"dc665a67-9135-45e9-ac8e-5eebfc2d0e4b","ts":"2025-12-03T02:41:03.296-03:00","source":{"id":"0","name":"eventBus"}}
{"__type":"$$EventMessageWorkflow","id":"66cc13c3-547f-4750-98b1-e2ee8103978a","ts":"2025-12-03T02:46:52.159-03:00","eventName":"n8n.workflow.started","message":"n8n.workflow.started","payload":{"executionId":"50","workflowId":"k8V5vYBDDZQIgXPq","isManual":false,"workflowName":"My workflow"}}
{"__type":"$$EventMessageConfirm","confirm":"66cc13c3-547f-4750-98b1-e2ee8103978a","ts":"2025-12-03T02:46:52.159-03:00","source":{"id":"0","name":"eventBus"}}
{"__type":"$$EventMessageNode","id":"d4586929-66d3-4590-aa73-414e8a6ee769","ts":"2025-12-03T02:46:52.159-03:00","eventName":"n8n.node.started","message":"n8n.node.started","payload":{"workflowId":"k8V5vYBDDZQIgXPq","workflowName":"My workflow","executionId":"50","nodeType":"n8n-nodes-base.manualTrigger","nodeName":"When clicking ‘Execute workflow’","nodeId":"780d8ebb-7afa-4ac7-bc90-86b8b956744d"}}
{"__type":"$$EventMessageConfirm","confirm":"d4586929-66d3-4590-aa73-414e8a6ee769","ts":"2025-12-03T02:46:52.160-03:00","source":{"id":"0","name":"eventBus"}}
{"__type":"$$EventMessageNode","id":"19e752ec-5453-4348-9a09-1464e29fe704","ts":"2025-12-03T02:46:52.160-03:00","eventName":"n8n.node.finished","message":"n8n.node.finished","payload":{"workflowId":"k8V5vYBDDZQIgXPq","workflowName":"My workflow","executionId":"50","nodeType":"n8n-nodes-base.manualTrigger","nodeName":"When clicking ‘Execute workflow’","nodeId":"780d8ebb-7afa-4ac7-bc90-86b8b956744d"}}
{"__type":"$$EventMessageConfirm","confirm":"19e752ec-5453-4348-9a09-1464e29fe704","ts":"2025-12-03T02:46:52.160-03:00","source":{"id":"0","name":"eventBus"}}
{"__type":"$$EventMessageNode","id":"5e15c109-6af4-4ad8-8e8e-67407b8dc769","ts":"2025-12-03T02:46:52.160-03:00","eventName":"n8n.node.started","message":"n8n.node.started","payload":{"workflowId":"k8V5vYBDDZQIgXPq","workflowName":"My workflow","executionId":"50","nodeType":"n8n-nodes-base.executeCommand","nodeName":"Execute Command","nodeId":"394d3f54-c7d1-4e1c-a4a6-d52546883b7d"}}
{"__type":"$$EventMessageConfirm","confirm":"5e15c109-6af4-4ad8-8e8e-67407b8dc769","ts":"2025-12-03T02:46:52.161-03:00","source":{"id":"0","name":"eventBus"}}
{"__type":"$$EventMessageNode","id":"e8b9d1fd-1d50-443a-886e-e9e5d3808203","ts":"2025-12-03T02:46:52.426-03:00","eventName":"n8n.node.finished","message":"n8n.node.finished","payload":{"workflowId":"k8V5vYBDDZQIgXPq","workflowName":"My workflow","executionId":"50","nodeType":"n8n-nodes-base.executeCommand","nodeName":"Execute Command","nodeId":"394d3f54-c7d1-4e1c-a4a6-d52546883b7d"}}
{"__type":"$$EventMessageConfirm","confirm":"e8b9d1fd-1d50-443a-886e-e9e5d3808203","ts":"2025-12-03T02:46:52.426-03:00","source":{"id":"0","name":"eventBus"}}
{"__type":"$$EventMessageNode","id":"70e58d21-7072-4a9b-9f2c-fe99467373fe","ts":"2025-12-03T02:46:52.426-03:00","eventName":"n8n.node.started","message":"n8n.node.started","payload":{"workflowId":"k8V5vYBDDZQIgXPq","workflowName":"My workflow","executionId":"50","nodeType":"n8n-nodes-base.code","nodeName":"Code in JavaScript","nodeId":"4a6ea5b4-e024-4d5a-9fcb-d5dd312b622a"}}
{"__type":"$$EventMessageConfirm","confirm":"70e58d21-7072-4a9b-9f2c-fe99467373fe","ts":"2025-12-03T02:46:52.426-03:00","source":{"id":"0","name":"eventBus"}}
{"__type":"$$EventMessageNode","id":"7d3f4ff2-f691-4a72-bcdf-6f3bbf5cf482","ts":"2025-12-03T02:46:52.445-03:00","eventName":"n8n.node.finished","message":"n8n.node.finished","payload":{"workflowId":"k8V5vYBDDZQIgXPq","workflowName":"My workflow","executionId":"50","nodeType":"n8n-nodes-base.code","nodeName":"Code in JavaScript","nodeId":"4a6ea5b4-e024-4d5a-9fcb-d5dd312b622a"}}
{"__type":"$$EventMessageConfirm","confirm":"7d3f4ff2-f691-4a72-bcdf-6f3bbf5cf482","ts":"2025-12-03T02:46:52.445-03:00","source":{"id":"0","name":"eventBus"}}
{"__type":"$$EventMessageNode","id":"7f540f34-c939-4e79-a14b-66988e36bc05","ts":"2025-12-03T02:46:52.446-03:00","eventName":"n8n.node.started","message":"n8n.node.started","payload":{"workflowId":"k8V5vYBDDZQIgXPq","workflowName":"My workflow","executionId":"50","nodeType":"n8n-nodes-base.dataTable","nodeName":"Insert row","nodeId":"ed73e52f-7050-4d42-b5e2-496a5224ac01"}}
{"__type":"$$EventMessageConfirm","confirm":"7f540f34-c939-4e79-a14b-66988e36bc05","ts":"2025-12-03T02:46:52.446-03:00","source":{"id":"0","name":"eventBus"}}
{"__type":"$$EventMessageNode","id":"e6a27ac2-35de-430f-a375-3f66a8b08ed1","ts":"2025-12-03T02:46:52.460-03:00","eventName":"n8n.node.finished","message":"n8n.node.finished","payload":{"workflowId":"k8V5vYBDDZQIgXPq","workflowName":"My workflow","executionId":"50","nodeType":"n8n-nodes-base.dataTable","nodeName":"Insert row","nodeId":"ed73e52f-7050-4d42-b5e2-496a5224ac01"}}
{"__type":"$$EventMessageConfirm","confirm":"e6a27ac2-35de-430f-a375-3f66a8b08ed1","ts":"2025-12-03T02:46:52.460-03:00","source":{"id":"0","name":"eventBus"}}
{"__type":"$$EventMessageWorkflow","id":"c9d42a9c-4e34-48ca-89d2-5b03efb69457","ts":"2025-12-03T02:46:52.461-03:00","eventName":"n8n.workflow.success","message":"n8n.workflow.success","payload":{"userId":"864258fe-062f-487c-984a-3e936bc9459f","executionId":"50","success":true,"isManual":true,"workflowId":"k8V5vYBDDZQIgXPq","workflowName":"My workflow"}}
{"__type":"$$EventMessageConfirm","confirm":"c9d42a9c-4e34-48ca-89d2-5b03efb69457","ts":"2025-12-03T02:46:52.461-03:00","source":{"id":"0","name":"eventBus"}}
{"__type":"$$EventMessageAudit","id":"701ed922-815d-44ab-8419-985b3beff4ef","ts":"2025-12-03T02:46:56.612-03:00","eventName":"n8n.audit.workflow.updated","message":"n8n.audit.workflow.updated","payload":{"userId":"864258fe-062f-487c-984a-3e936bc9459f","_email":"augustopontes010@gmail.com","_firstName":"Augusto","_lastName":"Pontes","globalRole":"global:owner","workflowId":"k8V5vYBDDZQIgXPq","workflowName":"My workflow"}}
{"__type":"$$EventMessageConfirm","confirm":"701ed922-815d-44ab-8419-985b3beff4ef","ts":"2025-12-03T02:46:56.612-03:00","source":{"id":"0","name":"eventBus"}}
{"__type":"$$EventMessageWorkflow","id":"8b58a347-9626-4158-92bd-f8e90974429a","ts":"2025-12-03T02:47:13.873-03:00","eventName":"n8n.workflow.started","message":"n8n.workflow.started","payload":{"executionId":"51","workflowId":"k8V5vYBDDZQIgXPq","isManual":false,"workflowName":"My workflow"}}
{"__type":"$$EventMessageConfirm","confirm":"8b58a347-9626-4158-92bd-f8e90974429a","ts":"2025-12-03T02:47:13.873-03:00","source":{"id":"0","name":"eventBus"}}
{"__type":"$$EventMessageNode","id":"d710f88b-a074-46f6-b4a3-a413b274aad4","ts":"2025-12-03T02:47:13.875-03:00","eventName":"n8n.node.started","message":"n8n.node.started","payload":{"workflowId":"k8V5vYBDDZQIgXPq","workflowName":"My workflow","executionId":"51","nodeType":"n8n-nodes-base.manualTrigger","nodeName":"When clicking ‘Execute workflow’","nodeId":"780d8ebb-7afa-4ac7-bc90-86b8b956744d"}}
{"__type":"$$EventMessageConfirm","confirm":"d710f88b-a074-46f6-b4a3-a413b274aad4","ts":"2025-12-03T02:47:13.876-03:00","source":{"id":"0","name":"eventBus"}}
{"__type":"$$EventMessageNode","id":"116a385f-1bef-418f-b178-4a4cf47c915a","ts":"2025-12-03T02:47:13.876-03:00","eventName":"n8n.node.finished","message":"n8n.node.finished","payload":{"workflowId":"k8V5vYBDDZQIgXPq","workflowName":"My workflow","executionId":"51","nodeType":"n8n-nodes-base.manualTrigger","nodeName":"When clicking ‘Execute workflow’","nodeId":"780d8ebb-7afa-4ac7-bc90-86b8b956744d"}}
{"__type":"$$EventMessageConfirm","confirm":"116a385f-1bef-418f-b178-4a4cf47c915a","ts":"2025-12-03T02:47:13.876-03:00","source":{"id":"0","name":"eventBus"}}
{"__type":"$$EventMessageNode","id":"8bca87a7-807f-40de-9a1a-973bae27fb94","ts":"2025-12-03T02:47:13.877-03:00","eventName":"n8n.node.started","message":"n8n.node.started","payload":{"workflowId":"k8V5vYBDDZQIgXPq","workflowName":"My workflow","executionId":"51","nodeType":"n8n-nodes-base.executeCommand","nodeName":"Execute Command","nodeId":"394d3f54-c7d1-4e1c-a4a6-d52546883b7d"}}
{"__type":"$$EventMessageConfirm","confirm":"8bca87a7-807f-40de-9a1a-973bae27fb94","ts":"2025-12-03T02:47:13.877-03:00","source":{"id":"0","name":"eventBus"}}
{"__type":"$$EventMessageNode","id":"fe93b635-feb0-4017-b42e-1b02fa019f3a","ts":"2025-12-03T02:47:14.125-03:00","eventName":"n8n.node.finished","message":"n8n.node.finished","payload":{"workflowId":"k8V5vYBDDZQIgXPq","workflowName":"My workflow","executionId":"51","nodeType":"n8n-nodes-base.executeCommand","nodeName":"Execute Command","nodeId":"394d3f54-c7d1-4e1c-a4a6-d52546883b7d"}}
{"__type":"$$EventMessageConfirm","confirm":"fe93b635-feb0-4017-b42e-1b02fa019f3a","ts":"2025-12-03T02:47:14.126-03:00","source":{"id":"0","name":"eventBus"}}
{"__type":"$$EventMessageWorkflow","id":"0564fee3-7240-4d12-9610-2fb75c42cce8","ts":"2025-12-03T02:47:14.127-03:00","eventName":"n8n.workflow.success","message":"n8n.workflow.success","payload":{"userId":"864258fe-062f-487c-984a-3e936bc9459f","executionId":"51","success":true,"isManual":true,"workflowId":"k8V5vYBDDZQIgXPq","workflowName":"My workflow"}}
{"__type":"$$EventMessageConfirm","confirm":"0564fee3-7240-4d12-9610-2fb75c42cce8","ts":"2025-12-03T02:47:14.127-03:00","source":{"id":"0","name":"eventBus"}}
{"__type":"$$EventMessageAudit","id":"7a11d2bb-df48-437f-841c-0c39ddd3a11a","ts":"2025-12-03T02:50:06.542-03:00","eventName":"n8n.audit.workflow.updated","message":"n8n.audit.workflow.updated","payload":{"userId":"864258fe-062f-487c-984a-3e936bc9459f","_email":"augustopontes010@gmail.com","_firstName":"Augusto","_lastName":"Pontes","globalRole":"global:owner","workflowId":"k8V5vYBDDZQIgXPq","workflowName":"My workflow"}}
{"__type":"$$EventMessageConfirm","confirm":"7a11d2bb-df48-437f-841c-0c39ddd3a11a","ts":"2025-12-03T02:50:06.542-03:00","source":{"id":"0","name":"eventBus"}}
{"__type":"$$EventMessageWorkflow","id":"34729daa-932a-4f88-87d0-38bf3262fb27","ts":"2025-12-03T02:50:07.656-03:00","eventName":"n8n.workflow.started","message":"n8n.workflow.started","payload":{"executionId":"52","workflowId":"k8V5vYBDDZQIgXPq","isManual":false,"workflowName":"My workflow"}}
{"__type":"$$EventMessageConfirm","confirm":"34729daa-932a-4f88-87d0-38bf3262fb27","ts":"2025-12-03T02:50:07.656-03:00","source":{"id":"0","name":"eventBus"}}
{"__type":"$$EventMessageNode","id":"da86579f-2d94-4922-90c4-ae34a6db3dc8","ts":"2025-12-03T02:50:07.657-03:00","eventName":"n8n.node.started","message":"n8n.node.started","payload":{"workflowId":"k8V5vYBDDZQIgXPq","workflowName":"My workflow","executionId":"52","nodeType":"n8n-nodes-base.manualTrigger","nodeName":"When clicking ‘Execute workflow’","nodeId":"780d8ebb-7afa-4ac7-bc90-86b8b956744d"}}
{"__type":"$$EventMessageConfirm","confirm":"da86579f-2d94-4922-90c4-ae34a6db3dc8","ts":"2025-12-03T02:50:07.657-03:00","source":{"id":"0","name":"eventBus"}}
{"__type":"$$EventMessageNode","id":"78b13efd-4ba5-49c8-9981-7783d11202d2","ts":"2025-12-03T02:50:07.658-03:00","eventName":"n8n.node.finished","message":"n8n.node.finished","payload":{"workflowId":"k8V5vYBDDZQIgXPq","workflowName":"My workflow","executionId":"52","nodeType":"n8n-nodes-base.manualTrigger","nodeName":"When clicking ‘Execute workflow’","nodeId":"780d8ebb-7afa-4ac7-bc90-86b8b956744d"}}
{"__type":"$$EventMessageConfirm","confirm":"78b13efd-4ba5-49c8-9981-7783d11202d2","ts":"2025-12-03T02:50:07.658-03:00","source":{"id":"0","name":"eventBus"}}
{"__type":"$$EventMessageNode","id":"92722e1b-999f-42c6-ae87-fb11db73c381","ts":"2025-12-03T02:50:07.658-03:00","eventName":"n8n.node.started","message":"n8n.node.started","payload":{"workflowId":"k8V5vYBDDZQIgXPq","workflowName":"My workflow","executionId":"52","nodeType":"n8n-nodes-base.executeCommand","nodeName":"Execute Command","nodeId":"394d3f54-c7d1-4e1c-a4a6-d52546883b7d"}}
{"__type":"$$EventMessageConfirm","confirm":"92722e1b-999f-42c6-ae87-fb11db73c381","ts":"2025-12-03T02:50:07.658-03:00","source":{"id":"0","name":"eventBus"}}
{"__type":"$$EventMessageNode","id":"c9e41732-f1e4-4850-9648-9b6013d30688","ts":"2025-12-03T02:50:08.632-03:00","eventName":"n8n.node.finished","message":"n8n.node.finished","payload":{"workflowId":"k8V5vYBDDZQIgXPq","workflowName":"My workflow","executionId":"52","nodeType":"n8n-nodes-base.executeCommand","nodeName":"Execute Command","nodeId":"394d3f54-c7d1-4e1c-a4a6-d52546883b7d"}}
{"__type":"$$EventMessageConfirm","confirm":"c9e41732-f1e4-4850-9648-9b6013d30688","ts":"2025-12-03T02:50:08.633-03:00","source":{"id":"0","name":"eventBus"}}
{"__type":"$$EventMessageNode","id":"771e0cdf-945b-4971-90a1-b82c86e811fc","ts":"2025-12-03T02:50:08.633-03:00","eventName":"n8n.node.started","message":"n8n.node.started","payload":{"workflowId":"k8V5vYBDDZQIgXPq","workflowName":"My workflow","executionId":"52","nodeType":"n8n-nodes-base.code","nodeName":"Code in JavaScript","nodeId":"4a6ea5b4-e024-4d5a-9fcb-d5dd312b622a"}}
{"__type":"$$EventMessageConfirm","confirm":"771e0cdf-945b-4971-90a1-b82c86e811fc","ts":"2025-12-03T02:50:08.633-03:00","source":{"id":"0","name":"eventBus"}}
{"__type":"$$EventMessageNode","id":"2910a44f-eb8d-4e14-bdbd-9dff1ed41a1c","ts":"2025-12-03T02:50:08.639-03:00","eventName":"n8n.node.finished","message":"n8n.node.finished","payload":{"workflowId":"k8V5vYBDDZQIgXPq","workflowName":"My workflow","executionId":"52","nodeType":"n8n-nodes-base.code","nodeName":"Code in JavaScript","nodeId":"4a6ea5b4-e024-4d5a-9fcb-d5dd312b622a"}}
{"__type":"$$EventMessageConfirm","confirm":"2910a44f-eb8d-4e14-bdbd-9dff1ed41a1c","ts":"2025-12-03T02:50:08.639-03:00","source":{"id":"0","name":"eventBus"}}
{"__type":"$$EventMessageNode","id":"db04b0ea-9703-4a96-8780-af5e87a76882","ts":"2025-12-03T02:50:08.639-03:00","eventName":"n8n.node.started","message":"n8n.node.started","payload":{"workflowId":"k8V5vYBDDZQIgXPq","workflowName":"My workflow","executionId":"52","nodeType":"n8n-nodes-base.dataTable","nodeName":"Insert row","nodeId":"ed73e52f-7050-4d42-b5e2-496a5224ac01"}}
{"__type":"$$EventMessageConfirm","confirm":"db04b0ea-9703-4a96-8780-af5e87a76882","ts":"2025-12-03T02:50:08.639-03:00","source":{"id":"0","name":"eventBus"}}
{"__type":"$$EventMessageNode","id":"0168dbdd-4d81-4f99-8328-37f18adede75","ts":"2025-12-03T02:50:08.652-03:00","eventName":"n8n.node.finished","message":"n8n.node.finished","payload":{"workflowId":"k8V5vYBDDZQIgXPq","workflowName":"My workflow","executionId":"52","nodeType":"n8n-nodes-base.dataTable","nodeName":"Insert row","nodeId":"ed73e52f-7050-4d42-b5e2-496a5224ac01"}}
{"__type":"$$EventMessageConfirm","confirm":"0168dbdd-4d81-4f99-8328-37f18adede75","ts":"2025-12-03T02:50:08.652-03:00","source":{"id":"0","name":"eventBus"}}
{"__type":"$$EventMessageWorkflow","id":"0321e0bc-d622-4b87-86c4-65762ba32d70","ts":"2025-12-03T02:50:08.653-03:00","eventName":"n8n.workflow.success","message":"n8n.workflow.success","payload":{"userId":"864258fe-062f-487c-984a-3e936bc9459f","executionId":"52","success":true,"isManual":true,"workflowId":"k8V5vYBDDZQIgXPq","workflowName":"My workflow"}}
{"__type":"$$EventMessageConfirm","confirm":"0321e0bc-d622-4b87-86c4-65762ba32d70","ts":"2025-12-03T02:50:08.653-03:00","source":{"id":"0","name":"eventBus"}}
{"__type":"$$EventMessageWorkflow","id":"2d2c3d19-d9ac-4558-9328-c8596f82f6a1","ts":"2025-12-03T02:50:27.708-03:00","eventName":"n8n.workflow.started","message":"n8n.workflow.started","payload":{"executionId":"53","workflowId":"k8V5vYBDDZQIgXPq","isManual":false,"workflowName":"My workflow"}}
{"__type":"$$EventMessageConfirm","confirm":"2d2c3d19-d9ac-4558-9328-c8596f82f6a1","ts":"2025-12-03T02:50:27.708-03:00","source":{"id":"0","name":"eventBus"}}
{"__type":"$$EventMessageNode","id":"c9a130dc-e928-4f40-9100-042eb3afa26f","ts":"2025-12-03T02:50:27.709-03:00","eventName":"n8n.node.started","message":"n8n.node.started","payload":{"workflowId":"k8V5vYBDDZQIgXPq","workflowName":"My workflow","executionId":"53","nodeType":"n8n-nodes-base.manualTrigger","nodeName":"When clicking ‘Execute workflow’","nodeId":"780d8ebb-7afa-4ac7-bc90-86b8b956744d"}}
{"__type":"$$EventMessageConfirm","confirm":"c9a130dc-e928-4f40-9100-042eb3afa26f","ts":"2025-12-03T02:50:27.709-03:00","source":{"id":"0","name":"eventBus"}}
{"__type":"$$EventMessageNode","id":"04925706-67c6-4c61-8a98-9fba74c31245","ts":"2025-12-03T02:50:27.709-03:00","eventName":"n8n.node.finished","message":"n8n.node.finished","payload":{"workflowId":"k8V5vYBDDZQIgXPq","workflowName":"My workflow","executionId":"53","nodeType":"n8n-nodes-base.manualTrigger","nodeName":"When clicking ‘Execute workflow’","nodeId":"780d8ebb-7afa-4ac7-bc90-86b8b956744d"}}
{"__type":"$$EventMessageConfirm","confirm":"04925706-67c6-4c61-8a98-9fba74c31245","ts":"2025-12-03T02:50:27.709-03:00","source":{"id":"0","name":"eventBus"}}
{"__type":"$$EventMessageNode","id":"59644db2-c775-4544-9147-2c230e513d8e","ts":"2025-12-03T02:50:27.710-03:00","eventName":"n8n.node.started","message":"n8n.node.started","payload":{"workflowId":"k8V5vYBDDZQIgXPq","workflowName":"My workflow","executionId":"53","nodeType":"n8n-nodes-base.executeCommand","nodeName":"Execute Command","nodeId":"394d3f54-c7d1-4e1c-a4a6-d52546883b7d"}}
{"__type":"$$EventMessageConfirm","confirm":"59644db2-c775-4544-9147-2c230e513d8e","ts":"2025-12-03T02:50:27.710-03:00","source":{"id":"0","name":"eventBus"}}
{"__type":"$$EventMessageNode","id":"3ebc34ac-6833-498c-b1fe-f0d0faab0fdb","ts":"2025-12-03T02:50:27.950-03:00","eventName":"n8n.node.finished","message":"n8n.node.finished","payload":{"workflowId":"k8V5vYBDDZQIgXPq","workflowName":"My workflow","executionId":"53","nodeType":"n8n-nodes-base.executeCommand","nodeName":"Execute Command","nodeId":"394d3f54-c7d1-4e1c-a4a6-d52546883b7d"}}
{"__type":"$$EventMessageConfirm","confirm":"3ebc34ac-6833-498c-b1fe-f0d0faab0fdb","ts":"2025-12-03T02:50:27.950-03:00","source":{"id":"0","name":"eventBus"}}
{"__type":"$$EventMessageWorkflow","id":"9c86f8e3-b978-4410-bba4-7003b1c086eb","ts":"2025-12-03T02:50:27.952-03:00","eventName":"n8n.workflow.success","message":"n8n.workflow.success","payload":{"userId":"864258fe-062f-487c-984a-3e936bc9459f","executionId":"53","success":true,"isManual":true,"workflowId":"k8V5vYBDDZQIgXPq","workflowName":"My workflow"}}
{"__type":"$$EventMessageConfirm","confirm":"9c86f8e3-b978-4410-bba4-7003b1c086eb","ts":"2025-12-03T02:50:27.952-03:00","source":{"id":"0","name":"eventBus"}}
{"__type":"$$EventMessageWorkflow","id":"5caaf855-d03e-4f9e-8a38-67e372137019","ts":"2025-12-03T02:50:29.782-03:00","eventName":"n8n.workflow.started","message":"n8n.workflow.started","payload":{"executionId":"54","workflowId":"k8V5vYBDDZQIgXPq","isManual":false,"workflowName":"My workflow"}}
{"__type":"$$EventMessageConfirm","confirm":"5caaf855-d03e-4f9e-8a38-67e372137019","ts":"2025-12-03T02:50:29.783-03:00","source":{"id":"0","name":"eventBus"}}
{"__type":"$$EventMessageNode","id":"ee75f75e-181e-4400-84f5-6daaaee6483c","ts":"2025-12-03T02:50:29.784-03:00","eventName":"n8n.node.started","message":"n8n.node.started","payload":{"workflowId":"k8V5vYBDDZQIgXPq","workflowName":"My workflow","executionId":"54","nodeType":"n8n-nodes-base.code","nodeName":"Code in JavaScript","nodeId":"4a6ea5b4-e024-4d5a-9fcb-d5dd312b622a"}}
{"__type":"$$EventMessageConfirm","confirm":"ee75f75e-181e-4400-84f5-6daaaee6483c","ts":"2025-12-03T02:50:29.784-03:00","source":{"id":"0","name":"eventBus"}}
{"__type":"$$EventMessageNode","id":"43e46d0c-cbbf-479a-b11b-9955570c2223","ts":"2025-12-03T02:50:29.788-03:00","eventName":"n8n.node.finished","message":"n8n.node.finished","payload":{"workflowId":"k8V5vYBDDZQIgXPq","workflowName":"My workflow","executionId":"54","nodeType":"n8n-nodes-base.code","nodeName":"Code in JavaScript","nodeId":"4a6ea5b4-e024-4d5a-9fcb-d5dd312b622a"}}
{"__type":"$$EventMessageConfirm","confirm":"43e46d0c-cbbf-479a-b11b-9955570c2223","ts":"2025-12-03T02:50:29.788-03:00","source":{"id":"0","name":"eventBus"}}
{"__type":"$$EventMessageWorkflow","id":"25885ab6-4271-4fcc-bd9d-52fd790f32cf","ts":"2025-12-03T02:50:29.790-03:00","eventName":"n8n.workflow.success","message":"n8n.workflow.success","payload":{"userId":"864258fe-062f-487c-984a-3e936bc9459f","executionId":"54","success":true,"isManual":true,"workflowId":"k8V5vYBDDZQIgXPq","workflowName":"My workflow"}}
{"__type":"$$EventMessageConfirm","confirm":"25885ab6-4271-4fcc-bd9d-52fd790f32cf","ts":"2025-12-03T02:50:29.790-03:00","source":{"id":"0","name":"eventBus"}}
{"__type":"$$EventMessageWorkflow","id":"97706638-3101-4d08-bbd8-670ba241c0ad","ts":"2025-12-03T02:50:30.705-03:00","eventName":"n8n.workflow.started","message":"n8n.workflow.started","payload":{"executionId":"55","workflowId":"k8V5vYBDDZQIgXPq","isManual":false,"workflowName":"My workflow"}}
{"__type":"$$EventMessageConfirm","confirm":"97706638-3101-4d08-bbd8-670ba241c0ad","ts":"2025-12-03T02:50:30.705-03:00","source":{"id":"0","name":"eventBus"}}
{"__type":"$$EventMessageNode","id":"a22b66da-e290-4402-9684-8991debd1f87","ts":"2025-12-03T02:50:30.706-03:00","eventName":"n8n.node.started","message":"n8n.node.started","payload":{"workflowId":"k8V5vYBDDZQIgXPq","workflowName":"My workflow","executionId":"55","nodeType":"n8n-nodes-base.dataTable","nodeName":"Insert row","nodeId":"ed73e52f-7050-4d42-b5e2-496a5224ac01"}}
{"__type":"$$EventMessageConfirm","confirm":"a22b66da-e290-4402-9684-8991debd1f87","ts":"2025-12-03T02:50:30.706-03:00","source":{"id":"0","name":"eventBus"}}
{"__type":"$$EventMessageNode","id":"db41e236-7dbc-452e-9e5a-d24162348df5","ts":"2025-12-03T02:50:30.720-03:00","eventName":"n8n.node.finished","message":"n8n.node.finished","payload":{"workflowId":"k8V5vYBDDZQIgXPq","workflowName":"My workflow","executionId":"55","nodeType":"n8n-nodes-base.dataTable","nodeName":"Insert row","nodeId":"ed73e52f-7050-4d42-b5e2-496a5224ac01"}}
{"__type":"$$EventMessageConfirm","confirm":"db41e236-7dbc-452e-9e5a-d24162348df5","ts":"2025-12-03T02:50:30.721-03:00","source":{"id":"0","name":"eventBus"}}
{"__type":"$$EventMessageWorkflow","id":"a35a0c45-9788-4c75-9dca-b28e16a9821d","ts":"2025-12-03T02:50:30.722-03:00","eventName":"n8n.workflow.success","message":"n8n.workflow.success","payload":{"userId":"864258fe-062f-487c-984a-3e936bc9459f","executionId":"55","success":true,"isManual":true,"workflowId":"k8V5vYBDDZQIgXPq","workflowName":"My workflow"}}
{"__type":"$$EventMessageConfirm","confirm":"a35a0c45-9788-4c75-9dca-b28e16a9821d","ts":"2025-12-03T02:50:30.722-03:00","source":{"id":"0","name":"eventBus"}}
{"__type":"$$EventMessageAudit","id":"bd292c9c-ccf4-4113-a7f9-1b4db1a04e24","ts":"2025-12-03T02:51:42.301-03:00","eventName":"n8n.audit.workflow.updated","message":"n8n.audit.workflow.updated","payload":{"userId":"864258fe-062f-487c-984a-3e936bc9459f","_email":"augustopontes010@gmail.com","_firstName":"Augusto","_lastName":"Pontes","globalRole":"global:owner","workflowId":"k8V5vYBDDZQIgXPq","workflowName":"My workflow"}}
{"__type":"$$EventMessageConfirm","confirm":"bd292c9c-ccf4-4113-a7f9-1b4db1a04e24","ts":"2025-12-03T02:51:42.301-03:00","source":{"id":"0","name":"eventBus"}}
{"__type":"$$EventMessageWorkflow","id":"13b79b1a-8ed8-4172-95be-5608e08fb2dd","ts":"2025-12-03T02:51:46.075-03:00","eventName":"n8n.workflow.started","message":"n8n.workflow.started","payload":{"executionId":"56","workflowId":"k8V5vYBDDZQIgXPq","isManual":false,"workflowName":"My workflow"}}
{"__type":"$$EventMessageConfirm","confirm":"13b79b1a-8ed8-4172-95be-5608e08fb2dd","ts":"2025-12-03T02:51:46.075-03:00","source":{"id":"0","name":"eventBus"}}
{"__type":"$$EventMessageNode","id":"e6e60313-8f82-418b-a505-1e33fe9f3fcc","ts":"2025-12-03T02:51:46.075-03:00","eventName":"n8n.node.started","message":"n8n.node.started","payload":{"workflowId":"k8V5vYBDDZQIgXPq","workflowName":"My workflow","executionId":"56","nodeType":"n8n-nodes-base.manualTrigger","nodeName":"When clicking ‘Execute workflow’","nodeId":"780d8ebb-7afa-4ac7-bc90-86b8b956744d"}}
{"__type":"$$EventMessageConfirm","confirm":"e6e60313-8f82-418b-a505-1e33fe9f3fcc","ts":"2025-12-03T02:51:46.076-03:00","source":{"id":"0","name":"eventBus"}}
{"__type":"$$EventMessageNode","id":"5b8cb744-0e37-49aa-b8f1-91622d93a183","ts":"2025-12-03T02:51:46.076-03:00","eventName":"n8n.node.finished","message":"n8n.node.finished","payload":{"workflowId":"k8V5vYBDDZQIgXPq","workflowName":"My workflow","executionId":"56","nodeType":"n8n-nodes-base.manualTrigger","nodeName":"When clicking ‘Execute workflow’","nodeId":"780d8ebb-7afa-4ac7-bc90-86b8b956744d"}}
{"__type":"$$EventMessageConfirm","confirm":"5b8cb744-0e37-49aa-b8f1-91622d93a183","ts":"2025-12-03T02:51:46.076-03:00","source":{"id":"0","name":"eventBus"}}
{"__type":"$$EventMessageNode","id":"f6b3e55d-eb0b-4fa9-b278-975602dafdd0","ts":"2025-12-03T02:51:46.076-03:00","eventName":"n8n.node.started","message":"n8n.node.started","payload":{"workflowId":"k8V5vYBDDZQIgXPq","workflowName":"My workflow","executionId":"56","nodeType":"n8n-nodes-base.executeCommand","nodeName":"Execute Command","nodeId":"394d3f54-c7d1-4e1c-a4a6-d52546883b7d"}}
{"__type":"$$EventMessageConfirm","confirm":"f6b3e55d-eb0b-4fa9-b278-975602dafdd0","ts":"2025-12-03T02:51:46.076-03:00","source":{"id":"0","name":"eventBus"}}
{"__type":"$$EventMessageNode","id":"6f121fac-9cf5-49ee-b039-ad33daf23435","ts":"2025-12-03T02:51:46.332-03:00","eventName":"n8n.node.finished","message":"n8n.node.finished","payload":{"workflowId":"k8V5vYBDDZQIgXPq","workflowName":"My workflow","executionId":"56","nodeType":"n8n-nodes-base.executeCommand","nodeName":"Execute Command","nodeId":"394d3f54-c7d1-4e1c-a4a6-d52546883b7d"}}
{"__type":"$$EventMessageConfirm","confirm":"6f121fac-9cf5-49ee-b039-ad33daf23435","ts":"2025-12-03T02:51:46.332-03:00","source":{"id":"0","name":"eventBus"}}
{"__type":"$$EventMessageNode","id":"7de8931a-cf00-4fb6-acdd-8ecd608e00f8","ts":"2025-12-03T02:51:46.333-03:00","eventName":"n8n.node.started","message":"n8n.node.started","payload":{"workflowId":"k8V5vYBDDZQIgXPq","workflowName":"My workflow","executionId":"56","nodeType":"n8n-nodes-base.code","nodeName":"Code in JavaScript","nodeId":"4a6ea5b4-e024-4d5a-9fcb-d5dd312b622a"}}
{"__type":"$$EventMessageConfirm","confirm":"7de8931a-cf00-4fb6-acdd-8ecd608e00f8","ts":"2025-12-03T02:51:46.333-03:00","source":{"id":"0","name":"eventBus"}}
{"__type":"$$EventMessageNode","id":"e26f9196-9d7f-4e98-87de-dfce6e5fdd97","ts":"2025-12-03T02:51:46.337-03:00","eventName":"n8n.node.finished","message":"n8n.node.finished","payload":{"workflowId":"k8V5vYBDDZQIgXPq","workflowName":"My workflow","executionId":"56","nodeType":"n8n-nodes-base.code","nodeName":"Code in JavaScript","nodeId":"4a6ea5b4-e024-4d5a-9fcb-d5dd312b622a"}}
{"__type":"$$EventMessageConfirm","confirm":"e26f9196-9d7f-4e98-87de-dfce6e5fdd97","ts":"2025-12-03T02:51:46.338-03:00","source":{"id":"0","name":"eventBus"}}
{"__type":"$$EventMessageNode","id":"ab0ecfdf-e848-47f1-bef9-7fcc8fd8ad41","ts":"2025-12-03T02:51:46.338-03:00","eventName":"n8n.node.started","message":"n8n.node.started","payload":{"workflowId":"k8V5vYBDDZQIgXPq","workflowName":"My workflow","executionId":"56","nodeType":"n8n-nodes-base.dataTable","nodeName":"Insert row","nodeId":"ed73e52f-7050-4d42-b5e2-496a5224ac01"}}
{"__type":"$$EventMessageConfirm","confirm":"ab0ecfdf-e848-47f1-bef9-7fcc8fd8ad41","ts":"2025-12-03T02:51:46.338-03:00","source":{"id":"0","name":"eventBus"}}
{"__type":"$$EventMessageNode","id":"0a895aba-2ebc-406e-b657-847c02777075","ts":"2025-12-03T02:51:46.352-03:00","eventName":"n8n.node.finished","message":"n8n.node.finished","payload":{"workflowId":"k8V5vYBDDZQIgXPq","workflowName":"My workflow","executionId":"56","nodeType":"n8n-nodes-base.dataTable","nodeName":"Insert row","nodeId":"ed73e52f-7050-4d42-b5e2-496a5224ac01"}}
{"__type":"$$EventMessageConfirm","confirm":"0a895aba-2ebc-406e-b657-847c02777075","ts":"2025-12-03T02:51:46.353-03:00","source":{"id":"0","name":"eventBus"}}
{"__type":"$$EventMessageWorkflow","id":"dfda306a-1b6d-476d-afd3-de2d57f16833","ts":"2025-12-03T02:51:46.354-03:00","eventName":"n8n.workflow.success","message":"n8n.workflow.success","payload":{"userId":"864258fe-062f-487c-984a-3e936bc9459f","executionId":"56","success":true,"isManual":true,"workflowId":"k8V5vYBDDZQIgXPq","workflowName":"My workflow"}}
{"__type":"$$EventMessageConfirm","confirm":"dfda306a-1b6d-476d-afd3-de2d57f16833","ts":"2025-12-03T02:51:46.354-03:00","source":{"id":"0","name":"eventBus"}}
{"__type":"$$EventMessageWorkflow","id":"40b757fd-136c-44ed-b963-a1ea7057d110","ts":"2025-12-03T02:52:38.248-03:00","eventName":"n8n.workflow.started","message":"n8n.workflow.started","payload":{"executionId":"57","workflowId":"k8V5vYBDDZQIgXPq","isManual":false,"workflowName":"My workflow"}}
{"__type":"$$EventMessageConfirm","confirm":"40b757fd-136c-44ed-b963-a1ea7057d110","ts":"2025-12-03T02:52:38.249-03:00","source":{"id":"0","name":"eventBus"}}
{"__type":"$$EventMessageNode","id":"fbb3e31d-90d9-4959-bd40-943399ca18b4","ts":"2025-12-03T02:52:38.249-03:00","eventName":"n8n.node.started","message":"n8n.node.started","payload":{"workflowId":"k8V5vYBDDZQIgXPq","workflowName":"My workflow","executionId":"57","nodeType":"n8n-nodes-base.manualTrigger","nodeName":"When clicking ‘Execute workflow’","nodeId":"780d8ebb-7afa-4ac7-bc90-86b8b956744d"}}
{"__type":"$$EventMessageConfirm","confirm":"fbb3e31d-90d9-4959-bd40-943399ca18b4","ts":"2025-12-03T02:52:38.249-03:00","source":{"id":"0","name":"eventBus"}}
{"__type":"$$EventMessageNode","id":"8d5e316f-e79b-4f3f-ae82-e49303f2fb19","ts":"2025-12-03T02:52:38.250-03:00","eventName":"n8n.node.finished","message":"n8n.node.finished","payload":{"workflowId":"k8V5vYBDDZQIgXPq","workflowName":"My workflow","executionId":"57","nodeType":"n8n-nodes-base.manualTrigger","nodeName":"When clicking ‘Execute workflow’","nodeId":"780d8ebb-7afa-4ac7-bc90-86b8b956744d"}}
{"__type":"$$EventMessageConfirm","confirm":"8d5e316f-e79b-4f3f-ae82-e49303f2fb19","ts":"2025-12-03T02:52:38.250-03:00","source":{"id":"0","name":"eventBus"}}
{"__type":"$$EventMessageNode","id":"43df23df-be37-4c36-b782-7ea1f8680304","ts":"2025-12-03T02:52:38.250-03:00","eventName":"n8n.node.started","message":"n8n.node.started","payload":{"workflowId":"k8V5vYBDDZQIgXPq","workflowName":"My workflow","executionId":"57","nodeType":"n8n-nodes-base.executeCommand","nodeName":"Execute Command","nodeId":"394d3f54-c7d1-4e1c-a4a6-d52546883b7d"}}
{"__type":"$$EventMessageConfirm","confirm":"43df23df-be37-4c36-b782-7ea1f8680304","ts":"2025-12-03T02:52:38.250-03:00","source":{"id":"0","name":"eventBus"}}
{"__type":"$$EventMessageNode","id":"81e3b539-2636-4155-b764-22c6c4bec629","ts":"2025-12-03T02:52:38.502-03:00","eventName":"n8n.node.finished","message":"n8n.node.finished","payload":{"workflowId":"k8V5vYBDDZQIgXPq","workflowName":"My workflow","executionId":"57","nodeType":"n8n-nodes-base.executeCommand","nodeName":"Execute Command","nodeId":"394d3f54-c7d1-4e1c-a4a6-d52546883b7d"}}
{"__type":"$$EventMessageConfirm","confirm":"81e3b539-2636-4155-b764-22c6c4bec629","ts":"2025-12-03T02:52:38.502-03:00","source":{"id":"0","name":"eventBus"}}
{"__type":"$$EventMessageNode","id":"6b07bd79-4a8d-44db-9cfc-5e67799fbfcb","ts":"2025-12-03T02:52:38.502-03:00","eventName":"n8n.node.started","message":"n8n.node.started","payload":{"workflowId":"k8V5vYBDDZQIgXPq","workflowName":"My workflow","executionId":"57","nodeType":"n8n-nodes-base.code","nodeName":"Code in JavaScript","nodeId":"4a6ea5b4-e024-4d5a-9fcb-d5dd312b622a"}}
{"__type":"$$EventMessageConfirm","confirm":"6b07bd79-4a8d-44db-9cfc-5e67799fbfcb","ts":"2025-12-03T02:52:38.502-03:00","source":{"id":"0","name":"eventBus"}}
{"__type":"$$EventMessageNode","id":"7baba649-fdc3-47b5-9b54-b789db2c524c","ts":"2025-12-03T02:52:38.507-03:00","eventName":"n8n.node.finished","message":"n8n.node.finished","payload":{"workflowId":"k8V5vYBDDZQIgXPq","workflowName":"My workflow","executionId":"57","nodeType":"n8n-nodes-base.code","nodeName":"Code in JavaScript","nodeId":"4a6ea5b4-e024-4d5a-9fcb-d5dd312b622a"}}
{"__type":"$$EventMessageConfirm","confirm":"7baba649-fdc3-47b5-9b54-b789db2c524c","ts":"2025-12-03T02:52:38.507-03:00","source":{"id":"0","name":"eventBus"}}
{"__type":"$$EventMessageNode","id":"48a6e10b-42df-4aa0-985d-c0fd372452d5","ts":"2025-12-03T02:52:38.508-03:00","eventName":"n8n.node.started","message":"n8n.node.started","payload":{"workflowId":"k8V5vYBDDZQIgXPq","workflowName":"My workflow","executionId":"57","nodeType":"n8n-nodes-base.dataTable","nodeName":"Insert row","nodeId":"ed73e52f-7050-4d42-b5e2-496a5224ac01"}}
{"__type":"$$EventMessageConfirm","confirm":"48a6e10b-42df-4aa0-985d-c0fd372452d5","ts":"2025-12-03T02:52:38.508-03:00","source":{"id":"0","name":"eventBus"}}
{"__type":"$$EventMessageNode","id":"3f875307-140b-4fca-938b-3a1be589b181","ts":"2025-12-03T02:52:38.520-03:00","eventName":"n8n.node.finished","message":"n8n.node.finished","payload":{"workflowId":"k8V5vYBDDZQIgXPq","workflowName":"My workflow","executionId":"57","nodeType":"n8n-nodes-base.dataTable","nodeName":"Insert row","nodeId":"ed73e52f-7050-4d42-b5e2-496a5224ac01"}}
{"__type":"$$EventMessageConfirm","confirm":"3f875307-140b-4fca-938b-3a1be589b181","ts":"2025-12-03T02:52:38.520-03:00","source":{"id":"0","name":"eventBus"}}
{"__type":"$$EventMessageWorkflow","id":"84713a77-c35f-4814-8b30-d53526a8a038","ts":"2025-12-03T02:52:38.522-03:00","eventName":"n8n.workflow.success","message":"n8n.workflow.success","payload":{"userId":"864258fe-062f-487c-984a-3e936bc9459f","executionId":"57","success":true,"isManual":true,"workflowId":"k8V5vYBDDZQIgXPq","workflowName":"My workflow"}}
{"__type":"$$EventMessageConfirm","confirm":"84713a77-c35f-4814-8b30-d53526a8a038","ts":"2025-12-03T02:52:38.522-03:00","source":{"id":"0","name":"eventBus"}}
{"__type":"$$EventMessageAudit","id":"64730af4-442d-4378-9418-6dcaf44a7eac","ts":"2025-12-03T02:52:57.830-03:00","eventName":"n8n.audit.workflow.updated","message":"n8n.audit.workflow.updated","payload":{"userId":"864258fe-062f-487c-984a-3e936bc9459f","_email":"augustopontes010@gmail.com","_firstName":"Augusto","_lastName":"Pontes","globalRole":"global:owner","workflowId":"k8V5vYBDDZQIgXPq","workflowName":"My workflow"}}
{"__type":"$$EventMessageConfirm","confirm":"64730af4-442d-4378-9418-6dcaf44a7eac","ts":"2025-12-03T02:52:57.830-03:00","source":{"id":"0","name":"eventBus"}}
{"__type":"$$EventMessageWorkflow","id":"1564597f-960e-4ada-b4b5-9f183dd2c716","ts":"2025-12-03T02:53:16.555-03:00","eventName":"n8n.workflow.started","message":"n8n.workflow.started","payload":{"executionId":"58","workflowId":"k8V5vYBDDZQIgXPq","isManual":false,"workflowName":"My workflow"}}
{"__type":"$$EventMessageConfirm","confirm":"1564597f-960e-4ada-b4b5-9f183dd2c716","ts":"2025-12-03T02:53:16.556-03:00","source":{"id":"0","name":"eventBus"}}
{"__type":"$$EventMessageNode","id":"bf73be97-9e3a-40af-88ec-ec9ed175e354","ts":"2025-12-03T02:53:16.556-03:00","eventName":"n8n.node.started","message":"n8n.node.started","payload":{"workflowId":"k8V5vYBDDZQIgXPq","workflowName":"My workflow","executionId":"58","nodeType":"n8n-nodes-base.manualTrigger","nodeName":"When clicking ‘Execute workflow’","nodeId":"780d8ebb-7afa-4ac7-bc90-86b8b956744d"}}
{"__type":"$$EventMessageConfirm","confirm":"bf73be97-9e3a-40af-88ec-ec9ed175e354","ts":"2025-12-03T02:53:16.556-03:00","source":{"id":"0","name":"eventBus"}}
{"__type":"$$EventMessageNode","id":"25af273d-6146-4971-b87f-41d9d3d576b8","ts":"2025-12-03T02:53:16.557-03:00","eventName":"n8n.node.finished","message":"n8n.node.finished","payload":{"workflowId":"k8V5vYBDDZQIgXPq","workflowName":"My workflow","executionId":"58","nodeType":"n8n-nodes-base.manualTrigger","nodeName":"When clicking ‘Execute workflow’","nodeId":"780d8ebb-7afa-4ac7-bc90-86b8b956744d"}}
{"__type":"$$EventMessageConfirm","confirm":"25af273d-6146-4971-b87f-41d9d3d576b8","ts":"2025-12-03T02:53:16.557-03:00","source":{"id":"0","name":"eventBus"}}
{"__type":"$$EventMessageNode","id":"f9e6472d-934b-45a8-a76b-5cd90a20e689","ts":"2025-12-03T02:53:16.557-03:00","eventName":"n8n.node.started","message":"n8n.node.started","payload":{"workflowId":"k8V5vYBDDZQIgXPq","workflowName":"My workflow","executionId":"58","nodeType":"n8n-nodes-base.executeCommand","nodeName":"Execute Command","nodeId":"394d3f54-c7d1-4e1c-a4a6-d52546883b7d"}}
{"__type":"$$EventMessageConfirm","confirm":"f9e6472d-934b-45a8-a76b-5cd90a20e689","ts":"2025-12-03T02:53:16.558-03:00","source":{"id":"0","name":"eventBus"}}
{"__type":"$$EventMessageNode","id":"25b0651a-0194-48eb-b8e2-8d744f3697cf","ts":"2025-12-03T02:53:16.792-03:00","eventName":"n8n.node.finished","message":"n8n.node.finished","payload":{"workflowId":"k8V5vYBDDZQIgXPq","workflowName":"My workflow","executionId":"58","nodeType":"n8n-nodes-base.executeCommand","nodeName":"Execute Command","nodeId":"394d3f54-c7d1-4e1c-a4a6-d52546883b7d"}}
{"__type":"$$EventMessageConfirm","confirm":"25b0651a-0194-48eb-b8e2-8d744f3697cf","ts":"2025-12-03T02:53:16.792-03:00","source":{"id":"0","name":"eventBus"}}
{"__type":"$$EventMessageNode","id":"f6f6cc28-b3a6-496b-8219-d80d020c0f48","ts":"2025-12-03T02:53:16.792-03:00","eventName":"n8n.node.started","message":"n8n.node.started","payload":{"workflowId":"k8V5vYBDDZQIgXPq","workflowName":"My workflow","executionId":"58","nodeType":"n8n-nodes-base.code","nodeName":"Code in JavaScript","nodeId":"4a6ea5b4-e024-4d5a-9fcb-d5dd312b622a"}}
{"__type":"$$EventMessageConfirm","confirm":"f6f6cc28-b3a6-496b-8219-d80d020c0f48","ts":"2025-12-03T02:53:16.792-03:00","source":{"id":"0","name":"eventBus"}}
{"__type":"$$EventMessageNode","id":"77812579-3daf-4509-b2d9-db00c8ada1b3","ts":"2025-12-03T02:53:16.798-03:00","eventName":"n8n.node.finished","message":"n8n.node.finished","payload":{"workflowId":"k8V5vYBDDZQIgXPq","workflowName":"My workflow","executionId":"58","nodeType":"n8n-nodes-base.code","nodeName":"Code in JavaScript","nodeId":"4a6ea5b4-e024-4d5a-9fcb-d5dd312b622a"}}
{"__type":"$$EventMessageConfirm","confirm":"77812579-3daf-4509-b2d9-db00c8ada1b3","ts":"2025-12-03T02:53:16.798-03:00","source":{"id":"0","name":"eventBus"}}
{"__type":"$$EventMessageNode","id":"04f45a67-e0fc-4a30-a341-4b90b9ff5863","ts":"2025-12-03T02:53:16.799-03:00","eventName":"n8n.node.started","message":"n8n.node.started","payload":{"workflowId":"k8V5vYBDDZQIgXPq","workflowName":"My workflow","executionId":"58","nodeType":"n8n-nodes-base.dataTable","nodeName":"Insert row","nodeId":"ed73e52f-7050-4d42-b5e2-496a5224ac01"}}
{"__type":"$$EventMessageConfirm","confirm":"04f45a67-e0fc-4a30-a341-4b90b9ff5863","ts":"2025-12-03T02:53:16.799-03:00","source":{"id":"0","name":"eventBus"}}
{"__type":"$$EventMessageNode","id":"874e94b3-27d3-4cb6-a14e-925a2d7a9dfb","ts":"2025-12-03T02:53:16.814-03:00","eventName":"n8n.node.finished","message":"n8n.node.finished","payload":{"workflowId":"k8V5vYBDDZQIgXPq","workflowName":"My workflow","executionId":"58","nodeType":"n8n-nodes-base.dataTable","nodeName":"Insert row","nodeId":"ed73e52f-7050-4d42-b5e2-496a5224ac01"}}
{"__type":"$$EventMessageConfirm","confirm":"874e94b3-27d3-4cb6-a14e-925a2d7a9dfb","ts":"2025-12-03T02:53:16.814-03:00","source":{"id":"0","name":"eventBus"}}
{"__type":"$$EventMessageWorkflow","id":"8fb3cfd1-fd19-4820-9c37-064838967954","ts":"2025-12-03T02:53:16.815-03:00","eventName":"n8n.workflow.success","message":"n8n.workflow.success","payload":{"userId":"864258fe-062f-487c-984a-3e936bc9459f","executionId":"58","success":true,"isManual":true,"workflowId":"k8V5vYBDDZQIgXPq","workflowName":"My workflow"}}
{"__type":"$$EventMessageConfirm","confirm":"8fb3cfd1-fd19-4820-9c37-064838967954","ts":"2025-12-03T02:53:16.816-03:00","source":{"id":"0","name":"eventBus"}}
