{"__type":"$$EventMessageWorkflow","id":"4c4b8741-2610-4189-b8af-f595cda04cab","ts":"2025-12-03T01:45:53.224-03:00","eventName":"n8n.workflow.started","message":"n8n.workflow.started","payload":{"executionId":"27","workflowId":"k8V5vYBDDZQIgXPq","isManual":false,"workflowName":"My workflow"}}
{"__type":"$$EventMessageConfirm","confirm":"4c4b8741-2610-4189-b8af-f595cda04cab","ts":"2025-12-03T01:45:53.224-03:00","source":{"id":"0","name":"eventBus"}}
{"__type":"$$EventMessageNode","id":"085b5bbe-a829-44b9-9fad-f59c8f140764","ts":"2025-12-03T01:45:53.226-03:00","eventName":"n8n.node.started","message":"n8n.node.started","payload":{"workflowId":"k8V5vYBDDZQIgXPq","workflowName":"My workflow","executionId":"27","nodeType":"n8n-nodes-base.manualTrigger","nodeName":"When clicking ‘Execute workflow’","nodeId":"780d8ebb-7afa-4ac7-bc90-86b8b956744d"}}
{"__type":"$$EventMessageConfirm","confirm":"085b5bbe-a829-44b9-9fad-f59c8f140764","ts":"2025-12-03T01:45:53.226-03:00","source":{"id":"0","name":"eventBus"}}
{"__type":"$$EventMessageNode","id":"cd6c3900-8f28-4dd1-84b0-6e05b417d2b7","ts":"2025-12-03T01:45:53.229-03:00","eventName":"n8n.node.finished","message":"n8n.node.finished","payload":{"workflowId":"k8V5vYBDDZQIgXPq","workflowName":"My workflow","executionId":"27","nodeType":"n8n-nodes-base.manualTrigger","nodeName":"When clicking ‘Execute workflow’","nodeId":"780d8ebb-7afa-4ac7-bc90-86b8b956744d"}}
{"__type":"$$EventMessageConfirm","confirm":"cd6c3900-8f28-4dd1-84b0-6e05b417d2b7","ts":"2025-12-03T01:45:53.229-03:00","source":{"id":"0","name":"eventBus"}}
{"__type":"$$EventMessageNode","id":"6ded840e-171b-4b4c-8b0e-3171422b71b5","ts":"2025-12-03T01:45:53.230-03:00","eventName":"n8n.node.started","message":"n8n.node.started","payload":{"workflowId":"k8V5vYBDDZQIgXPq","workflowName":"My workflow","executionId":"27","nodeType":"n8n-nodes-base.executeCommand","nodeName":"Execute Command","nodeId":"394d3f54-c7d1-4e1c-a4a6-d52546883b7d"}}
{"__type":"$$EventMessageConfirm","confirm":"6ded840e-171b-4b4c-8b0e-3171422b71b5","ts":"2025-12-03T01:45:53.230-03:00","source":{"id":"0","name":"eventBus"}}
{"__type":"$$EventMessageNode","id":"5f762e0c-0586-4693-8017-b590b4c1ed7d","ts":"2025-12-03T01:45:53.678-03:00","eventName":"n8n.node.finished","message":"n8n.node.finished","payload":{"workflowId":"k8V5vYBDDZQIgXPq","workflowName":"My workflow","executionId":"27","nodeType":"n8n-nodes-base.executeCommand","nodeName":"Execute Command","nodeId":"394d3f54-c7d1-4e1c-a4a6-d52546883b7d"}}
{"__type":"$$EventMessageConfirm","confirm":"5f762e0c-0586-4693-8017-b590b4c1ed7d","ts":"2025-12-03T01:45:53.678-03:00","source":{"id":"0","name":"eventBus"}}
{"__type":"$$EventMessageNode","id":"da5ea425-b3c4-4805-a558-06a91c117a92","ts":"2025-12-03T01:45:53.679-03:00","eventName":"n8n.node.started","message":"n8n.node.started","payload":{"workflowId":"k8V5vYBDDZQIgXPq","workflowName":"My workflow","executionId":"27","nodeType":"n8n-nodes-base.dataTable","nodeName":"Insert row","nodeId":"ed73e52f-7050-4d42-b5e2-496a5224ac01"}}
{"__type":"$$EventMessageConfirm","confirm":"da5ea425-b3c4-4805-a558-06a91c117a92","ts":"2025-12-03T01:45:53.679-03:00","source":{"id":"0","name":"eventBus"}}
{"__type":"$$EventMessageNode","id":"2ede3040-eeff-4a9b-92cb-809cd1f96781","ts":"2025-12-03T01:45:53.712-03:00","eventName":"n8n.node.finished","message":"n8n.node.finished","payload":{"workflowId":"k8V5vYBDDZQIgXPq","workflowName":"My workflow","executionId":"27","nodeType":"n8n-nodes-base.dataTable","nodeName":"Insert row","nodeId":"ed73e52f-7050-4d42-b5e2-496a5224ac01"}}
{"__type":"$$EventMessageConfirm","confirm":"2ede3040-eeff-4a9b-92cb-809cd1f96781","ts":"2025-12-03T01:45:53.712-03:00","source":{"id":"0","name":"eventBus"}}
{"__type":"$$EventMessageWorkflow","id":"b8149a9a-3d27-4769-aa7f-730f1345d0dc","ts":"2025-12-03T01:45:53.719-03:00","eventName":"n8n.workflow.failed","message":"n8n.workflow.failed","payload":{"userId":"864258fe-062f-487c-984a-3e936bc9459f","executionId":"27","success":false,"isManual":true,"workflowId":"k8V5vYBDDZQIgXPq","workflowName":"My workflow","lastNodeExecuted":"Insert row","errorMessage":"Could not find the data table: 'UHmfHW6yOpCRoCAP'"}}
{"__type":"$$EventMessageConfirm","confirm":"b8149a9a-3d27-4769-aa7f-730f1345d0dc","ts":"2025-12-03T01:45:53.719-03:00","source":{"id":"0","name":"eventBus"}}
{"__type":"$$EventMessageWorkflow","id":"ee55081b-2ac7-4ce4-ab25-9c2d7bfa186e","ts":"2025-12-03T01:46:02.395-03:00","eventName":"n8n.workflow.started","message":"n8n.workflow.started","payload":{"executionId":"28","workflowId":"k8V5vYBDDZQIgXPq","isManual":false,"workflowName":"My workflow"}}
{"__type":"$$EventMessageConfirm","confirm":"ee55081b-2ac7-4ce4-ab25-9c2d7bfa186e","ts":"2025-12-03T01:46:02.396-03:00","source":{"id":"0","name":"eventBus"}}
{"__type":"$$EventMessageNode","id":"92f6036d-a45e-4881-8cc1-e7ac82dd4b47","ts":"2025-12-03T01:46:02.397-03:00","eventName":"n8n.node.started","message":"n8n.node.started","payload":{"workflowId":"k8V5vYBDDZQIgXPq","workflowName":"My workflow","executionId":"28","nodeType":"n8n-nodes-base.manualTrigger","nodeName":"When clicking ‘Execute workflow’","nodeId":"780d8ebb-7afa-4ac7-bc90-86b8b956744d"}}
{"__type":"$$EventMessageConfirm","confirm":"92f6036d-a45e-4881-8cc1-e7ac82dd4b47","ts":"2025-12-03T01:46:02.397-03:00","source":{"id":"0","name":"eventBus"}}
{"__type":"$$EventMessageNode","id":"c4f991fc-f923-46e0-9c28-9200a2426cb2","ts":"2025-12-03T01:46:02.398-03:00","eventName":"n8n.node.finished","message":"n8n.node.finished","payload":{"workflowId":"k8V5vYBDDZQIgXPq","workflowName":"My workflow","executionId":"28","nodeType":"n8n-nodes-base.manualTrigger","nodeName":"When clicking ‘Execute workflow’","nodeId":"780d8ebb-7afa-4ac7-bc90-86b8b956744d"}}
{"__type":"$$EventMessageConfirm","confirm":"c4f991fc-f923-46e0-9c28-9200a2426cb2","ts":"2025-12-03T01:46:02.398-03:00","source":{"id":"0","name":"eventBus"}}
{"__type":"$$EventMessageNode","id":"049b966b-5b45-40a7-978a-3727f1607da4","ts":"2025-12-03T01:46:02.398-03:00","eventName":"n8n.node.started","message":"n8n.node.started","payload":{"workflowId":"k8V5vYBDDZQIgXPq","workflowName":"My workflow","executionId":"28","nodeType":"n8n-nodes-base.executeCommand","nodeName":"Execute Command","nodeId":"394d3f54-c7d1-4e1c-a4a6-d52546883b7d"}}
{"__type":"$$EventMessageConfirm","confirm":"049b966b-5b45-40a7-978a-3727f1607da4","ts":"2025-12-03T01:46:02.398-03:00","source":{"id":"0","name":"eventBus"}}
{"__type":"$$EventMessageNode","id":"4fb4680c-cea3-4714-9102-6f64ac139a83","ts":"2025-12-03T01:46:02.828-03:00","eventName":"n8n.node.finished","message":"n8n.node.finished","payload":{"workflowId":"k8V5vYBDDZQIgXPq","workflowName":"My workflow","executionId":"28","nodeType":"n8n-nodes-base.executeCommand","nodeName":"Execute Command","nodeId":"394d3f54-c7d1-4e1c-a4a6-d52546883b7d"}}
{"__type":"$$EventMessageConfirm","confirm":"4fb4680c-cea3-4714-9102-6f64ac139a83","ts":"2025-12-03T01:46:02.828-03:00","source":{"id":"0","name":"eventBus"}}
{"__type":"$$EventMessageNode","id":"ce3fb2c1-0d92-4425-93a5-aec0f65cee52","ts":"2025-12-03T01:46:02.829-03:00","eventName":"n8n.node.started","message":"n8n.node.started","payload":{"workflowId":"k8V5vYBDDZQIgXPq","workflowName":"My workflow","executionId":"28","nodeType":"n8n-nodes-base.dataTable","nodeName":"Insert row","nodeId":"ed73e52f-7050-4d42-b5e2-496a5224ac01"}}
{"__type":"$$EventMessageConfirm","confirm":"ce3fb2c1-0d92-4425-93a5-aec0f65cee52","ts":"2025-12-03T01:46:02.829-03:00","source":{"id":"0","name":"eventBus"}}
{"__type":"$$EventMessageNode","id":"9286926a-399b-4712-a93d-a8e91cc5e799","ts":"2025-12-03T01:46:02.844-03:00","eventName":"n8n.node.finished","message":"n8n.node.finished","payload":{"workflowId":"k8V5vYBDDZQIgXPq","workflowName":"My workflow","executionId":"28","nodeType":"n8n-nodes-base.dataTable","nodeName":"Insert row","nodeId":"ed73e52f-7050-4d42-b5e2-496a5224ac01"}}
{"__type":"$$EventMessageConfirm","confirm":"9286926a-399b-4712-a93d-a8e91cc5e799","ts":"2025-12-03T01:46:02.845-03:00","source":{"id":"0","name":"eventBus"}}
{"__type":"$$EventMessageWorkflow","id":"dd2245d2-aaf5-4eff-bd14-d4e1b3789904","ts":"2025-12-03T01:46:02.847-03:00","eventName":"n8n.workflow.success","message":"n8n.workflow.success","payload":{"userId":"864258fe-062f-487c-984a-3e936bc9459f","executionId":"28","success":true,"isManual":true,"workflowId":"k8V5vYBDDZQIgXPq","workflowName":"My workflow"}}
{"__type":"$$EventMessageConfirm","confirm":"dd2245d2-aaf5-4eff-bd14-d4e1b3789904","ts":"2025-12-03T01:46:02.847-03:00","source":{"id":"0","name":"eventBus"}}
{"__type":"$$EventMessageWorkflow","id":"94e80a96-25db-4aaa-a99c-dd610fcd9bdd","ts":"2025-12-03T01:46:10.725-03:00","eventName":"n8n.workflow.started","message":"n8n.workflow.started","payload":{"executionId":"29","workflowId":"k8V5vYBDDZQIgXPq","isManual":false,"workflowName":"My workflow"}}
{"__type":"$$EventMessageConfirm","confirm":"94e80a96-25db-4aaa-a99c-dd610fcd9bdd","ts":"2025-12-03T01:46:10.725-03:00","source":{"id":"0","name":"eventBus"}}
{"__type":"$$EventMessageNode","id":"a21324b3-5a16-4ed0-a78f-27f0b658919c","ts":"2025-12-03T01:46:10.726-03:00","eventName":"n8n.node.started","message":"n8n.node.started","payload":{"workflowId":"k8V5vYBDDZQIgXPq","workflowName":"My workflow","executionId":"29","nodeType":"n8n-nodes-base.manualTrigger","nodeName":"When clicking ‘Execute workflow’","nodeId":"780d8ebb-7afa-4ac7-bc90-86b8b956744d"}}
{"__type":"$$EventMessageConfirm","confirm":"a21324b3-5a16-4ed0-a78f-27f0b658919c","ts":"2025-12-03T01:46:10.726-03:00","source":{"id":"0","name":"eventBus"}}
{"__type":"$$EventMessageNode","id":"230e8110-4dc7-4ded-91fd-73e3a7dc1c50","ts":"2025-12-03T01:46:10.726-03:00","eventName":"n8n.node.finished","message":"n8n.node.finished","payload":{"workflowId":"k8V5vYBDDZQIgXPq","workflowName":"My workflow","executionId":"29","nodeType":"n8n-nodes-base.manualTrigger","nodeName":"When clicking ‘Execute workflow’","nodeId":"780d8ebb-7afa-4ac7-bc90-86b8b956744d"}}
{"__type":"$$EventMessageConfirm","confirm":"230e8110-4dc7-4ded-91fd-73e3a7dc1c50","ts":"2025-12-03T01:46:10.726-03:00","source":{"id":"0","name":"eventBus"}}
{"__type":"$$EventMessageNode","id":"c502963b-753b-4607-b5cd-8842a5c24d84","ts":"2025-12-03T01:46:10.727-03:00","eventName":"n8n.node.started","message":"n8n.node.started","payload":{"workflowId":"k8V5vYBDDZQIgXPq","workflowName":"My workflow","executionId":"29","nodeType":"n8n-nodes-base.executeCommand","nodeName":"Execute Command","nodeId":"394d3f54-c7d1-4e1c-a4a6-d52546883b7d"}}
{"__type":"$$EventMessageConfirm","confirm":"c502963b-753b-4607-b5cd-8842a5c24d84","ts":"2025-12-03T01:46:10.727-03:00","source":{"id":"0","name":"eventBus"}}
{"__type":"$$EventMessageNode","id":"1062953c-07d1-436d-ba79-9145a5950389","ts":"2025-12-03T01:46:11.002-03:00","eventName":"n8n.node.finished","message":"n8n.node.finished","payload":{"workflowId":"k8V5vYBDDZQIgXPq","workflowName":"My workflow","executionId":"29","nodeType":"n8n-nodes-base.executeCommand","nodeName":"Execute Command","nodeId":"394d3f54-c7d1-4e1c-a4a6-d52546883b7d"}}
{"__type":"$$EventMessageConfirm","confirm":"1062953c-07d1-436d-ba79-9145a5950389","ts":"2025-12-03T01:46:11.002-03:00","source":{"id":"0","name":"eventBus"}}
{"__type":"$$EventMessageNode","id":"2a5124f5-deb4-44ad-b7e4-f7a82a11659e","ts":"2025-12-03T01:46:11.003-03:00","eventName":"n8n.node.started","message":"n8n.node.started","payload":{"workflowId":"k8V5vYBDDZQIgXPq","workflowName":"My workflow","executionId":"29","nodeType":"n8n-nodes-base.dataTable","nodeName":"Insert row","nodeId":"ed73e52f-7050-4d42-b5e2-496a5224ac01"}}
{"__type":"$$EventMessageConfirm","confirm":"2a5124f5-deb4-44ad-b7e4-f7a82a11659e","ts":"2025-12-03T01:46:11.003-03:00","source":{"id":"0","name":"eventBus"}}
{"__type":"$$EventMessageNode","id":"4c663329-b962-4c3d-972e-6a852ebb6fb7","ts":"2025-12-03T01:46:11.025-03:00","eventName":"n8n.node.finished","message":"n8n.node.finished","payload":{"workflowId":"k8V5vYBDDZQIgXPq","workflowName":"My workflow","executionId":"29","nodeType":"n8n-nodes-base.dataTable","nodeName":"Insert row","nodeId":"ed73e52f-7050-4d42-b5e2-496a5224ac01"}}
{"__type":"$$EventMessageConfirm","confirm":"4c663329-b962-4c3d-972e-6a852ebb6fb7","ts":"2025-12-03T01:46:11.026-03:00","source":{"id":"0","name":"eventBus"}}
{"__type":"$$EventMessageWorkflow","id":"903234e5-c4b7-4b06-b7f6-2de87bbf9c7f","ts":"2025-12-03T01:46:11.027-03:00","eventName":"n8n.workflow.success","message":"n8n.workflow.success","payload":{"userId":"864258fe-062f-487c-984a-3e936bc9459f","executionId":"29","success":true,"isManual":true,"workflowId":"k8V5vYBDDZQIgXPq","workflowName":"My workflow"}}
{"__type":"$$EventMessageConfirm","confirm":"903234e5-c4b7-4b06-b7f6-2de87bbf9c7f","ts":"2025-12-03T01:46:11.027-03:00","source":{"id":"0","name":"eventBus"}}
{"__type":"$$EventMessageWorkflow","id":"f0693037-c164-4892-98ae-14cd74ada241","ts":"2025-12-03T01:46:25.744-03:00","eventName":"n8n.workflow.started","message":"n8n.workflow.started","payload":{"executionId":"30","workflowId":"k8V5vYBDDZQIgXPq","isManual":false,"workflowName":"My workflow"}}
{"__type":"$$EventMessageConfirm","confirm":"f0693037-c164-4892-98ae-14cd74ada241","ts":"2025-12-03T01:46:25.744-03:00","source":{"id":"0","name":"eventBus"}}
{"__type":"$$EventMessageNode","id":"9c652c7c-9b19-4dcf-a3aa-445927d01f90","ts":"2025-12-03T01:46:25.745-03:00","eventName":"n8n.node.started","message":"n8n.node.started","payload":{"workflowId":"k8V5vYBDDZQIgXPq","workflowName":"My workflow","executionId":"30","nodeType":"n8n-nodes-base.manualTrigger","nodeName":"When clicking ‘Execute workflow’","nodeId":"780d8ebb-7afa-4ac7-bc90-86b8b956744d"}}
{"__type":"$$EventMessageConfirm","confirm":"9c652c7c-9b19-4dcf-a3aa-445927d01f90","ts":"2025-12-03T01:46:25.745-03:00","source":{"id":"0","name":"eventBus"}}
{"__type":"$$EventMessageNode","id":"0a7d3396-aa70-4ea1-a092-86f08978906f","ts":"2025-12-03T01:46:25.746-03:00","eventName":"n8n.node.finished","message":"n8n.node.finished","payload":{"workflowId":"k8V5vYBDDZQIgXPq","workflowName":"My workflow","executionId":"30","nodeType":"n8n-nodes-base.manualTrigger","nodeName":"When clicking ‘Execute workflow’","nodeId":"780d8ebb-7afa-4ac7-bc90-86b8b956744d"}}
{"__type":"$$EventMessageConfirm","confirm":"0a7d3396-aa70-4ea1-a092-86f08978906f","ts":"2025-12-03T01:46:25.746-03:00","source":{"id":"0","name":"eventBus"}}
{"__type":"$$EventMessageNode","id":"167008b3-a2b1-4d7c-ab1d-ed69fcfa9c95","ts":"2025-12-03T01:46:25.747-03:00","eventName":"n8n.node.started","message":"n8n.node.started","payload":{"workflowId":"k8V5vYBDDZQIgXPq","workflowName":"My workflow","executionId":"30","nodeType":"n8n-nodes-base.executeCommand","nodeName":"Execute Command","nodeId":"394d3f54-c7d1-4e1c-a4a6-d52546883b7d"}}
{"__type":"$$EventMessageConfirm","confirm":"167008b3-a2b1-4d7c-ab1d-ed69fcfa9c95","ts":"2025-12-03T01:46:25.747-03:00","source":{"id":"0","name":"eventBus"}}
{"__type":"$$EventMessageNode","id":"b098fbb1-9aee-4478-9dd0-9fc1316bcbf0","ts":"2025-12-03T01:46:26.027-03:00","eventName":"n8n.node.finished","message":"n8n.node.finished","payload":{"workflowId":"k8V5vYBDDZQIgXPq","workflowName":"My workflow","executionId":"30","nodeType":"n8n-nodes-base.executeCommand","nodeName":"Execute Command","nodeId":"394d3f54-c7d1-4e1c-a4a6-d52546883b7d"}}
{"__type":"$$EventMessageConfirm","confirm":"b098fbb1-9aee-4478-9dd0-9fc1316bcbf0","ts":"2025-12-03T01:46:26.027-03:00","source":{"id":"0","name":"eventBus"}}
{"__type":"$$EventMessageNode","id":"dc69ac2d-b8e8-4bf2-902a-36ebbc5bc34c","ts":"2025-12-03T01:46:26.027-03:00","eventName":"n8n.node.started","message":"n8n.node.started","payload":{"workflowId":"k8V5vYBDDZQIgXPq","workflowName":"My workflow","executionId":"30","nodeType":"n8n-nodes-base.dataTable","nodeName":"Insert row","nodeId":"ed73e52f-7050-4d42-b5e2-496a5224ac01"}}
{"__type":"$$EventMessageConfirm","confirm":"dc69ac2d-b8e8-4bf2-902a-36ebbc5bc34c","ts":"2025-12-03T01:46:26.027-03:00","source":{"id":"0","name":"eventBus"}}
{"__type":"$$EventMessageNode","id":"cf30bc63-29c0-43db-882b-bb10629825f4","ts":"2025-12-03T01:46:26.045-03:00","eventName":"n8n.node.finished","message":"n8n.node.finished","payload":{"workflowId":"k8V5vYBDDZQIgXPq","workflowName":"My workflow","executionId":"30","nodeType":"n8n-nodes-base.dataTable","nodeName":"Insert row","nodeId":"ed73e52f-7050-4d42-b5e2-496a5224ac01"}}
{"__type":"$$EventMessageConfirm","confirm":"cf30bc63-29c0-43db-882b-bb10629825f4","ts":"2025-12-03T01:46:26.046-03:00","source":{"id":"0","name":"eventBus"}}
{"__type":"$$EventMessageWorkflow","id":"3ea967c9-8e62-412b-851c-2a7b8a04f4d1","ts":"2025-12-03T01:46:26.048-03:00","eventName":"n8n.workflow.success","message":"n8n.workflow.success","payload":{"userId":"864258fe-062f-487c-984a-3e936bc9459f","executionId":"30","success":true,"isManual":true,"workflowId":"k8V5vYBDDZQIgXPq","workflowName":"My workflow"}}
{"__type":"$$EventMessageConfirm","confirm":"3ea967c9-8e62-412b-851c-2a7b8a04f4d1","ts":"2025-12-03T01:46:26.048-03:00","source":{"id":"0","name":"eventBus"}}
{"__type":"$$EventMessageWorkflow","id":"dd367b57-36c3-427c-a019-1283dcb203a9","ts":"2025-12-03T01:47:05.771-03:00","eventName":"n8n.workflow.started","message":"n8n.workflow.started","payload":{"executionId":"31","workflowId":"k8V5vYBDDZQIgXPq","isManual":false,"workflowName":"My workflow"}}
{"__type":"$$EventMessageConfirm","confirm":"dd367b57-36c3-427c-a019-1283dcb203a9","ts":"2025-12-03T01:47:05.771-03:00","source":{"id":"0","name":"eventBus"}}
{"__type":"$$EventMessageNode","id":"4a8a0978-7642-4ab1-9093-f1c9b33ee2af","ts":"2025-12-03T01:47:05.772-03:00","eventName":"n8n.node.started","message":"n8n.node.started","payload":{"workflowId":"k8V5vYBDDZQIgXPq","workflowName":"My workflow","executionId":"31","nodeType":"n8n-nodes-base.manualTrigger","nodeName":"When clicking ‘Execute workflow’","nodeId":"780d8ebb-7afa-4ac7-bc90-86b8b956744d"}}
{"__type":"$$EventMessageConfirm","confirm":"4a8a0978-7642-4ab1-9093-f1c9b33ee2af","ts":"2025-12-03T01:47:05.772-03:00","source":{"id":"0","name":"eventBus"}}
{"__type":"$$EventMessageNode","id":"df0954f9-10d5-4fc8-b759-b1121e970f60","ts":"2025-12-03T01:47:05.772-03:00","eventName":"n8n.node.finished","message":"n8n.node.finished","payload":{"workflowId":"k8V5vYBDDZQIgXPq","workflowName":"My workflow","executionId":"31","nodeType":"n8n-nodes-base.manualTrigger","nodeName":"When clicking ‘Execute workflow’","nodeId":"780d8ebb-7afa-4ac7-bc90-86b8b956744d"}}
{"__type":"$$EventMessageConfirm","confirm":"df0954f9-10d5-4fc8-b759-b1121e970f60","ts":"2025-12-03T01:47:05.772-03:00","source":{"id":"0","name":"eventBus"}}
{"__type":"$$EventMessageNode","id":"dedf23b0-8a1b-4ab7-9772-b4eaeafc2232","ts":"2025-12-03T01:47:05.773-03:00","eventName":"n8n.node.started","message":"n8n.node.started","payload":{"workflowId":"k8V5vYBDDZQIgXPq","workflowName":"My workflow","executionId":"31","nodeType":"n8n-nodes-base.executeCommand","nodeName":"Execute Command","nodeId":"394d3f54-c7d1-4e1c-a4a6-d52546883b7d"}}
{"__type":"$$EventMessageConfirm","confirm":"dedf23b0-8a1b-4ab7-9772-b4eaeafc2232","ts":"2025-12-03T01:47:05.773-03:00","source":{"id":"0","name":"eventBus"}}
{"__type":"$$EventMessageNode","id":"3d9b8707-0efe-419c-9970-39b9432f5989","ts":"2025-12-03T01:47:06.038-03:00","eventName":"n8n.node.finished","message":"n8n.node.finished","payload":{"workflowId":"k8V5vYBDDZQIgXPq","workflowName":"My workflow","executionId":"31","nodeType":"n8n-nodes-base.executeCommand","nodeName":"Execute Command","nodeId":"394d3f54-c7d1-4e1c-a4a6-d52546883b7d"}}
{"__type":"$$EventMessageConfirm","confirm":"3d9b8707-0efe-419c-9970-39b9432f5989","ts":"2025-12-03T01:47:06.039-03:00","source":{"id":"0","name":"eventBus"}}
{"__type":"$$EventMessageNode","id":"88fc254d-0a43-47c5-aa8a-f379fd524839","ts":"2025-12-03T01:47:06.039-03:00","eventName":"n8n.node.started","message":"n8n.node.started","payload":{"workflowId":"k8V5vYBDDZQIgXPq","workflowName":"My workflow","executionId":"31","nodeType":"n8n-nodes-base.dataTable","nodeName":"Insert row","nodeId":"ed73e52f-7050-4d42-b5e2-496a5224ac01"}}
{"__type":"$$EventMessageConfirm","confirm":"88fc254d-0a43-47c5-aa8a-f379fd524839","ts":"2025-12-03T01:47:06.039-03:00","source":{"id":"0","name":"eventBus"}}
{"__type":"$$EventMessageNode","id":"81ac6cbd-ae4e-48db-8637-386e9bd9184b","ts":"2025-12-03T01:47:06.052-03:00","eventName":"n8n.node.finished","message":"n8n.node.finished","payload":{"workflowId":"k8V5vYBDDZQIgXPq","workflowName":"My workflow","executionId":"31","nodeType":"n8n-nodes-base.dataTable","nodeName":"Insert row","nodeId":"ed73e52f-7050-4d42-b5e2-496a5224ac01"}}
{"__type":"$$EventMessageConfirm","confirm":"81ac6cbd-ae4e-48db-8637-386e9bd9184b","ts":"2025-12-03T01:47:06.052-03:00","source":{"id":"0","name":"eventBus"}}
{"__type":"$$EventMessageWorkflow","id":"f600c678-cf20-438e-87bc-2095b0bf686a","ts":"2025-12-03T01:47:06.053-03:00","eventName":"n8n.workflow.success","message":"n8n.workflow.success","payload":{"userId":"864258fe-062f-487c-984a-3e936bc9459f","executionId":"31","success":true,"isManual":true,"workflowId":"k8V5vYBDDZQIgXPq","workflowName":"My workflow"}}
{"__type":"$$EventMessageConfirm","confirm":"f600c678-cf20-438e-87bc-2095b0bf686a","ts":"2025-12-03T01:47:06.053-03:00","source":{"id":"0","name":"eventBus"}}
{"__type":"$$EventMessageWorkflow","id":"e4747926-3ea3-49b3-9b21-439608648caa","ts":"2025-12-03T01:50:15.049-03:00","eventName":"n8n.workflow.started","message":"n8n.workflow.started","payload":{"executionId":"32","workflowId":"k8V5vYBDDZQIgXPq","isManual":false,"workflowName":"My workflow"}}
{"__type":"$$EventMessageConfirm","confirm":"e4747926-3ea3-49b3-9b21-439608648caa","ts":"2025-12-03T01:50:15.049-03:00","source":{"id":"0","name":"eventBus"}}
{"__type":"$$EventMessageNode","id":"6d62d281-45a0-475e-88d4-0816ff959f20","ts":"2025-12-03T01:50:15.050-03:00","eventName":"n8n.node.started","message":"n8n.node.started","payload":{"workflowId":"k8V5vYBDDZQIgXPq","workflowName":"My workflow","executionId":"32","nodeType":"n8n-nodes-base.manualTrigger","nodeName":"When clicking ‘Execute workflow’","nodeId":"780d8ebb-7afa-4ac7-bc90-86b8b956744d"}}
{"__type":"$$EventMessageConfirm","confirm":"6d62d281-45a0-475e-88d4-0816ff959f20","ts":"2025-12-03T01:50:15.050-03:00","source":{"id":"0","name":"eventBus"}}
{"__type":"$$EventMessageNode","id":"31f636b7-f5ae-40ea-b969-4443a5018d8e","ts":"2025-12-03T01:50:15.050-03:00","eventName":"n8n.node.finished","message":"n8n.node.finished","payload":{"workflowId":"k8V5vYBDDZQIgXPq","workflowName":"My workflow","executionId":"32","nodeType":"n8n-nodes-base.manualTrigger","nodeName":"When clicking ‘Execute workflow’","nodeId":"780d8ebb-7afa-4ac7-bc90-86b8b956744d"}}
{"__type":"$$EventMessageConfirm","confirm":"31f636b7-f5ae-40ea-b969-4443a5018d8e","ts":"2025-12-03T01:50:15.050-03:00","source":{"id":"0","name":"eventBus"}}
{"__type":"$$EventMessageNode","id":"12ce6cc2-bca6-4559-a516-2f04697fa4cc","ts":"2025-12-03T01:50:15.050-03:00","eventName":"n8n.node.started","message":"n8n.node.started","payload":{"workflowId":"k8V5vYBDDZQIgXPq","workflowName":"My workflow","executionId":"32","nodeType":"n8n-nodes-base.executeCommand","nodeName":"Execute Command","nodeId":"394d3f54-c7d1-4e1c-a4a6-d52546883b7d"}}
{"__type":"$$EventMessageConfirm","confirm":"12ce6cc2-bca6-4559-a516-2f04697fa4cc","ts":"2025-12-03T01:50:15.051-03:00","source":{"id":"0","name":"eventBus"}}
{"__type":"$$EventMessageNode","id":"1f15ee18-006c-4b09-9ea2-6272aef57123","ts":"2025-12-03T01:50:15.477-03:00","eventName":"n8n.node.finished","message":"n8n.node.finished","payload":{"workflowId":"k8V5vYBDDZQIgXPq","workflowName":"My workflow","executionId":"32","nodeType":"n8n-nodes-base.executeCommand","nodeName":"Execute Command","nodeId":"394d3f54-c7d1-4e1c-a4a6-d52546883b7d"}}
{"__type":"$$EventMessageConfirm","confirm":"1f15ee18-006c-4b09-9ea2-6272aef57123","ts":"2025-12-03T01:50:15.478-03:00","source":{"id":"0","name":"eventBus"}}
{"__type":"$$EventMessageNode","id":"5adf36db-e344-48ff-949b-fb5539f87d1d","ts":"2025-12-03T01:50:15.478-03:00","eventName":"n8n.node.started","message":"n8n.node.started","payload":{"workflowId":"k8V5vYBDDZQIgXPq","workflowName":"My workflow","executionId":"32","nodeType":"n8n-nodes-base.dataTable","nodeName":"Insert row","nodeId":"ed73e52f-7050-4d42-b5e2-496a5224ac01"}}
{"__type":"$$EventMessageConfirm","confirm":"5adf36db-e344-48ff-949b-fb5539f87d1d","ts":"2025-12-03T01:50:15.478-03:00","source":{"id":"0","name":"eventBus"}}
{"__type":"$$EventMessageNode","id":"0fec3e86-392f-436c-b755-bbaa4440c5d8","ts":"2025-12-03T01:50:15.497-03:00","eventName":"n8n.node.finished","message":"n8n.node.finished","payload":{"workflowId":"k8V5vYBDDZQIgXPq","workflowName":"My workflow","executionId":"32","nodeType":"n8n-nodes-base.dataTable","nodeName":"Insert row","nodeId":"ed73e52f-7050-4d42-b5e2-496a5224ac01"}}
{"__type":"$$EventMessageConfirm","confirm":"0fec3e86-392f-436c-b755-bbaa4440c5d8","ts":"2025-12-03T01:50:15.498-03:00","source":{"id":"0","name":"eventBus"}}
{"__type":"$$EventMessageWorkflow","id":"e79f7b86-f325-4705-ba3a-966aa51ccd15","ts":"2025-12-03T01:50:15.499-03:00","eventName":"n8n.workflow.success","message":"n8n.workflow.success","payload":{"userId":"864258fe-062f-487c-984a-3e936bc9459f","executionId":"32","success":true,"isManual":true,"workflowId":"k8V5vYBDDZQIgXPq","workflowName":"My workflow"}}
{"__type":"$$EventMessageConfirm","confirm":"e79f7b86-f325-4705-ba3a-966aa51ccd15","ts":"2025-12-03T01:50:15.499-03:00","source":{"id":"0","name":"eventBus"}}
{"__type":"$$EventMessageWorkflow","id":"b0bc7821-c77c-4b2f-b398-d275f181a878","ts":"2025-12-03T01:52:23.985-03:00","eventName":"n8n.workflow.started","message":"n8n.workflow.started","payload":{"executionId":"33","workflowId":"k8V5vYBDDZQIgXPq","isManual":false,"workflowName":"My workflow"}}
{"__type":"$$EventMessageConfirm","confirm":"b0bc7821-c77c-4b2f-b398-d275f181a878","ts":"2025-12-03T01:52:23.985-03:00","source":{"id":"0","name":"eventBus"}}
{"__type":"$$EventMessageNode","id":"ff432249-982a-4e86-a12f-510166c6eeea","ts":"2025-12-03T01:52:23.986-03:00","eventName":"n8n.node.started","message":"n8n.node.started","payload":{"workflowId":"k8V5vYBDDZQIgXPq","workflowName":"My workflow","executionId":"33","nodeType":"n8n-nodes-base.manualTrigger","nodeName":"When clicking ‘Execute workflow’","nodeId":"780d8ebb-7afa-4ac7-bc90-86b8b956744d"}}
{"__type":"$$EventMessageConfirm","confirm":"ff432249-982a-4e86-a12f-510166c6eeea","ts":"2025-12-03T01:52:23.986-03:00","source":{"id":"0","name":"eventBus"}}
{"__type":"$$EventMessageNode","id":"cb0bc87d-2a59-426b-9355-bf2627c2fe2a","ts":"2025-12-03T01:52:23.987-03:00","eventName":"n8n.node.finished","message":"n8n.node.finished","payload":{"workflowId":"k8V5vYBDDZQIgXPq","workflowName":"My workflow","executionId":"33","nodeType":"n8n-nodes-base.manualTrigger","nodeName":"When clicking ‘Execute workflow’","nodeId":"780d8ebb-7afa-4ac7-bc90-86b8b956744d"}}
{"__type":"$$EventMessageConfirm","confirm":"cb0bc87d-2a59-426b-9355-bf2627c2fe2a","ts":"2025-12-03T01:52:23.987-03:00","source":{"id":"0","name":"eventBus"}}
{"__type":"$$EventMessageNode","id":"30863036-0f5a-479d-baaa-0abf7f1f3fff","ts":"2025-12-03T01:52:23.987-03:00","eventName":"n8n.node.started","message":"n8n.node.started","payload":{"workflowId":"k8V5vYBDDZQIgXPq","workflowName":"My workflow","executionId":"33","nodeType":"n8n-nodes-base.executeCommand","nodeName":"Execute Command","nodeId":"394d3f54-c7d1-4e1c-a4a6-d52546883b7d"}}
{"__type":"$$EventMessageConfirm","confirm":"30863036-0f5a-479d-baaa-0abf7f1f3fff","ts":"2025-12-03T01:52:23.987-03:00","source":{"id":"0","name":"eventBus"}}
{"__type":"$$EventMessageNode","id":"ad60accb-a6f6-4ac2-91dc-dc8cb87c0ebb","ts":"2025-12-03T01:52:24.384-03:00","eventName":"n8n.node.finished","message":"n8n.node.finished","payload":{"workflowId":"k8V5vYBDDZQIgXPq","workflowName":"My workflow","executionId":"33","nodeType":"n8n-nodes-base.executeCommand","nodeName":"Execute Command","nodeId":"394d3f54-c7d1-4e1c-a4a6-d52546883b7d"}}
{"__type":"$$EventMessageConfirm","confirm":"ad60accb-a6f6-4ac2-91dc-dc8cb87c0ebb","ts":"2025-12-03T01:52:24.384-03:00","source":{"id":"0","name":"eventBus"}}
{"__type":"$$EventMessageNode","id":"62fba0b4-61af-4fb7-898f-c16a68498e87","ts":"2025-12-03T01:52:24.385-03:00","eventName":"n8n.node.started","message":"n8n.node.started","payload":{"workflowId":"k8V5vYBDDZQIgXPq","workflowName":"My workflow","executionId":"33","nodeType":"n8n-nodes-base.dataTable","nodeName":"Insert row","nodeId":"ed73e52f-7050-4d42-b5e2-496a5224ac01"}}
{"__type":"$$EventMessageConfirm","confirm":"62fba0b4-61af-4fb7-898f-c16a68498e87","ts":"2025-12-03T01:52:24.385-03:00","source":{"id":"0","name":"eventBus"}}
{"__type":"$$EventMessageNode","id":"349f4551-5476-4b71-8687-121c1894fa91","ts":"2025-12-03T01:52:24.400-03:00","eventName":"n8n.node.finished","message":"n8n.node.finished","payload":{"workflowId":"k8V5vYBDDZQIgXPq","workflowName":"My workflow","executionId":"33","nodeType":"n8n-nodes-base.dataTable","nodeName":"Insert row","nodeId":"ed73e52f-7050-4d42-b5e2-496a5224ac01"}}
{"__type":"$$EventMessageConfirm","confirm":"349f4551-5476-4b71-8687-121c1894fa91","ts":"2025-12-03T01:52:24.400-03:00","source":{"id":"0","name":"eventBus"}}
{"__type":"$$EventMessageWorkflow","id":"1452ea94-05ed-4181-918e-c59b518aa8c4","ts":"2025-12-03T01:52:24.402-03:00","eventName":"n8n.workflow.success","message":"n8n.workflow.success","payload":{"userId":"864258fe-062f-487c-984a-3e936bc9459f","executionId":"33","success":true,"isManual":true,"workflowId":"k8V5vYBDDZQIgXPq","workflowName":"My workflow"}}
{"__type":"$$EventMessageConfirm","confirm":"1452ea94-05ed-4181-918e-c59b518aa8c4","ts":"2025-12-03T01:52:24.402-03:00","source":{"id":"0","name":"eventBus"}}
{"__type":"$$EventMessageAudit","id":"f08c745d-dadb-4a67-b146-16d8801746ae","ts":"2025-12-03T01:59:07.205-03:00","eventName":"n8n.audit.workflow.updated","message":"n8n.audit.workflow.updated","payload":{"userId":"864258fe-062f-487c-984a-3e936bc9459f","_email":"augustopontes010@gmail.com","_firstName":"Augusto","_lastName":"Pontes","globalRole":"global:owner","workflowId":"k8V5vYBDDZQIgXPq","workflowName":"My workflow"}}
{"__type":"$$EventMessageConfirm","confirm":"f08c745d-dadb-4a67-b146-16d8801746ae","ts":"2025-12-03T01:59:07.205-03:00","source":{"id":"0","name":"eventBus"}}
{"__type":"$$EventMessageWorkflow","id":"31a38f0e-b6d4-4db9-97e5-c8bffff3383b","ts":"2025-12-03T01:59:27.502-03:00","eventName":"n8n.workflow.started","message":"n8n.workflow.started","payload":{"executionId":"34","workflowId":"k8V5vYBDDZQIgXPq","isManual":false,"workflowName":"My workflow"}}
{"__type":"$$EventMessageConfirm","confirm":"31a38f0e-b6d4-4db9-97e5-c8bffff3383b","ts":"2025-12-03T01:59:27.502-03:00","source":{"id":"0","name":"eventBus"}}
{"__type":"$$EventMessageNode","id":"d227903e-ac85-4eda-b453-e910b9aa863d","ts":"2025-12-03T01:59:27.503-03:00","eventName":"n8n.node.started","message":"n8n.node.started","payload":{"workflowId":"k8V5vYBDDZQIgXPq","workflowName":"My workflow","executionId":"34","nodeType":"n8n-nodes-base.manualTrigger","nodeName":"When clicking ‘Execute workflow’","nodeId":"780d8ebb-7afa-4ac7-bc90-86b8b956744d"}}
{"__type":"$$EventMessageConfirm","confirm":"d227903e-ac85-4eda-b453-e910b9aa863d","ts":"2025-12-03T01:59:27.503-03:00","source":{"id":"0","name":"eventBus"}}
{"__type":"$$EventMessageNode","id":"88cbdbcb-8c7f-4ec7-b548-1c453f076472","ts":"2025-12-03T01:59:27.504-03:00","eventName":"n8n.node.finished","message":"n8n.node.finished","payload":{"workflowId":"k8V5vYBDDZQIgXPq","workflowName":"My workflow","executionId":"34","nodeType":"n8n-nodes-base.manualTrigger","nodeName":"When clicking ‘Execute workflow’","nodeId":"780d8ebb-7afa-4ac7-bc90-86b8b956744d"}}
{"__type":"$$EventMessageConfirm","confirm":"88cbdbcb-8c7f-4ec7-b548-1c453f076472","ts":"2025-12-03T01:59:27.504-03:00","source":{"id":"0","name":"eventBus"}}
{"__type":"$$EventMessageNode","id":"01285db5-61ab-4528-ae61-cc39346baee1","ts":"2025-12-03T01:59:27.505-03:00","eventName":"n8n.node.started","message":"n8n.node.started","payload":{"workflowId":"k8V5vYBDDZQIgXPq","workflowName":"My workflow","executionId":"34","nodeType":"n8n-nodes-base.executeCommand","nodeName":"Execute Command","nodeId":"394d3f54-c7d1-4e1c-a4a6-d52546883b7d"}}
{"__type":"$$EventMessageConfirm","confirm":"01285db5-61ab-4528-ae61-cc39346baee1","ts":"2025-12-03T01:59:27.505-03:00","source":{"id":"0","name":"eventBus"}}
{"__type":"$$EventMessageNode","id":"47dfd244-0ee7-4655-a25f-a552d4dea1fa","ts":"2025-12-03T01:59:27.904-03:00","eventName":"n8n.node.finished","message":"n8n.node.finished","payload":{"workflowId":"k8V5vYBDDZQIgXPq","workflowName":"My workflow","executionId":"34","nodeType":"n8n-nodes-base.executeCommand","nodeName":"Execute Command","nodeId":"394d3f54-c7d1-4e1c-a4a6-d52546883b7d"}}
{"__type":"$$EventMessageConfirm","confirm":"47dfd244-0ee7-4655-a25f-a552d4dea1fa","ts":"2025-12-03T01:59:27.904-03:00","source":{"id":"0","name":"eventBus"}}
{"__type":"$$EventMessageNode","id":"ad9b29bb-a5e5-43a2-a9ef-6aba75bf2654","ts":"2025-12-03T01:59:27.905-03:00","eventName":"n8n.node.started","message":"n8n.node.started","payload":{"workflowId":"k8V5vYBDDZQIgXPq","workflowName":"My workflow","executionId":"34","nodeType":"n8n-nodes-base.code","nodeName":"Code in JavaScript","nodeId":"11b2da86-dd64-44ad-9bb8-661cf5cc9fc5"}}
{"__type":"$$EventMessageConfirm","confirm":"ad9b29bb-a5e5-43a2-a9ef-6aba75bf2654","ts":"2025-12-03T01:59:27.905-03:00","source":{"id":"0","name":"eventBus"}}
{"__type":"$$EventMessageNode","id":"dead6033-e5a7-413c-90b0-176c9d6c96ec","ts":"2025-12-03T01:59:27.930-03:00","eventName":"n8n.node.finished","message":"n8n.node.finished","payload":{"workflowId":"k8V5vYBDDZQIgXPq","workflowName":"My workflow","executionId":"34","nodeType":"n8n-nodes-base.code","nodeName":"Code in JavaScript","nodeId":"11b2da86-dd64-44ad-9bb8-661cf5cc9fc5"}}
{"__type":"$$EventMessageConfirm","confirm":"dead6033-e5a7-413c-90b0-176c9d6c96ec","ts":"2025-12-03T01:59:27.930-03:00","source":{"id":"0","name":"eventBus"}}
{"__type":"$$EventMessageNode","id":"06958b25-a228-4d96-98df-327bdfa1654a","ts":"2025-12-03T01:59:27.931-03:00","eventName":"n8n.node.started","message":"n8n.node.started","payload":{"workflowId":"k8V5vYBDDZQIgXPq","workflowName":"My workflow","executionId":"34","nodeType":"n8n-nodes-base.dataTable","nodeName":"Insert row","nodeId":"ed73e52f-7050-4d42-b5e2-496a5224ac01"}}
{"__type":"$$EventMessageConfirm","confirm":"06958b25-a228-4d96-98df-327bdfa1654a","ts":"2025-12-03T01:59:27.931-03:00","source":{"id":"0","name":"eventBus"}}
{"__type":"$$EventMessageNode","id":"64761000-d7c7-40d0-aa0a-5f321a993a2e","ts":"2025-12-03T01:59:27.944-03:00","eventName":"n8n.node.finished","message":"n8n.node.finished","payload":{"workflowId":"k8V5vYBDDZQIgXPq","workflowName":"My workflow","executionId":"34","nodeType":"n8n-nodes-base.dataTable","nodeName":"Insert row","nodeId":"ed73e52f-7050-4d42-b5e2-496a5224ac01"}}
{"__type":"$$EventMessageConfirm","confirm":"64761000-d7c7-40d0-aa0a-5f321a993a2e","ts":"2025-12-03T01:59:27.945-03:00","source":{"id":"0","name":"eventBus"}}
{"__type":"$$EventMessageWorkflow","id":"34748821-9efa-40f6-ac6c-255a6b0a7014","ts":"2025-12-03T01:59:27.946-03:00","eventName":"n8n.workflow.success","message":"n8n.workflow.success","payload":{"userId":"864258fe-062f-487c-984a-3e936bc9459f","executionId":"34","success":true,"isManual":true,"workflowId":"k8V5vYBDDZQIgXPq","workflowName":"My workflow"}}
{"__type":"$$EventMessageConfirm","confirm":"34748821-9efa-40f6-ac6c-255a6b0a7014","ts":"2025-12-03T01:59:27.947-03:00","source":{"id":"0","name":"eventBus"}}
{"__type":"$$EventMessageAudit","id":"b65a9896-3bef-4c50-8319-ca357809def3","ts":"2025-12-03T02:00:02.072-03:00","eventName":"n8n.audit.workflow.updated","message":"n8n.audit.workflow.updated","payload":{"userId":"864258fe-062f-487c-984a-3e936bc9459f","_email":"augustopontes010@gmail.com","_firstName":"Augusto","_lastName":"Pontes","globalRole":"global:owner","workflowId":"k8V5vYBDDZQIgXPq","workflowName":"My workflow"}}
{"__type":"$$EventMessageConfirm","confirm":"b65a9896-3bef-4c50-8319-ca357809def3","ts":"2025-12-03T02:00:02.072-03:00","source":{"id":"0","name":"eventBus"}}
{"__type":"$$EventMessageWorkflow","id":"a723d5d7-5f28-420c-aa52-c08e6043728e","ts":"2025-12-03T02:01:52.136-03:00","eventName":"n8n.workflow.started","message":"n8n.workflow.started","payload":{"executionId":"35","workflowId":"k8V5vYBDDZQIgXPq","isManual":false,"workflowName":"My workflow"}}
{"__type":"$$EventMessageConfirm","confirm":"a723d5d7-5f28-420c-aa52-c08e6043728e","ts":"2025-12-03T02:01:52.137-03:00","source":{"id":"0","name":"eventBus"}}
{"__type":"$$EventMessageNode","id":"ad963652-9402-4419-8c6a-035a7c42dd3a","ts":"2025-12-03T02:01:52.138-03:00","eventName":"n8n.node.started","message":"n8n.node.started","payload":{"workflowId":"k8V5vYBDDZQIgXPq","workflowName":"My workflow","executionId":"35","nodeType":"n8n-nodes-base.code","nodeName":"Code in JavaScript","nodeId":"11b2da86-dd64-44ad-9bb8-661cf5cc9fc5"}}
{"__type":"$$EventMessageConfirm","confirm":"ad963652-9402-4419-8c6a-035a7c42dd3a","ts":"2025-12-03T02:01:52.138-03:00","source":{"id":"0","name":"eventBus"}}
{"__type":"$$EventMessageNode","id":"368275a5-a662-4b33-8a2a-6a83ece41eca","ts":"2025-12-03T02:01:52.158-03:00","eventName":"n8n.node.finished","message":"n8n.node.finished","payload":{"workflowId":"k8V5vYBDDZQIgXPq","workflowName":"My workflow","executionId":"35","nodeType":"n8n-nodes-base.code","nodeName":"Code in JavaScript","nodeId":"11b2da86-dd64-44ad-9bb8-661cf5cc9fc5"}}
{"__type":"$$EventMessageConfirm","confirm":"368275a5-a662-4b33-8a2a-6a83ece41eca","ts":"2025-12-03T02:01:52.159-03:00","source":{"id":"0","name":"eventBus"}}
{"__type":"$$EventMessageWorkflow","id":"b6641618-a156-4887-8ad3-14524140c78e","ts":"2025-12-03T02:01:52.162-03:00","eventName":"n8n.workflow.success","message":"n8n.workflow.success","payload":{"userId":"864258fe-062f-487c-984a-3e936bc9459f","executionId":"35","success":true,"isManual":true,"workflowId":"k8V5vYBDDZQIgXPq","workflowName":"My workflow"}}
{"__type":"$$EventMessageConfirm","confirm":"b6641618-a156-4887-8ad3-14524140c78e","ts":"2025-12-03T02:01:52.163-03:00","source":{"id":"0","name":"eventBus"}}
{"__type":"$$EventMessageWorkflow","id":"c10d76e1-916b-4cfd-867d-6768de23c20b","ts":"2025-12-03T02:01:55.708-03:00","eventName":"n8n.workflow.started","message":"n8n.workflow.started","payload":{"executionId":"36","workflowId":"k8V5vYBDDZQIgXPq","isManual":false,"workflowName":"My workflow"}}
{"__type":"$$EventMessageConfirm","confirm":"c10d76e1-916b-4cfd-867d-6768de23c20b","ts":"2025-12-03T02:01:55.708-03:00","source":{"id":"0","name":"eventBus"}}
{"__type":"$$EventMessageNode","id":"d415eb09-aab6-4b83-9378-e69f1ebd10be","ts":"2025-12-03T02:01:55.708-03:00","eventName":"n8n.node.started","message":"n8n.node.started","payload":{"workflowId":"k8V5vYBDDZQIgXPq","workflowName":"My workflow","executionId":"36","nodeType":"n8n-nodes-base.manualTrigger","nodeName":"When clicking ‘Execute workflow’","nodeId":"780d8ebb-7afa-4ac7-bc90-86b8b956744d"}}
{"__type":"$$EventMessageConfirm","confirm":"d415eb09-aab6-4b83-9378-e69f1ebd10be","ts":"2025-12-03T02:01:55.709-03:00","source":{"id":"0","name":"eventBus"}}
{"__type":"$$EventMessageNode","id":"fb65c2d4-bc87-42ae-8f93-30a4c91f1e88","ts":"2025-12-03T02:01:55.709-03:00","eventName":"n8n.node.finished","message":"n8n.node.finished","payload":{"workflowId":"k8V5vYBDDZQIgXPq","workflowName":"My workflow","executionId":"36","nodeType":"n8n-nodes-base.manualTrigger","nodeName":"When clicking ‘Execute workflow’","nodeId":"780d8ebb-7afa-4ac7-bc90-86b8b956744d"}}
{"__type":"$$EventMessageConfirm","confirm":"fb65c2d4-bc87-42ae-8f93-30a4c91f1e88","ts":"2025-12-03T02:01:55.709-03:00","source":{"id":"0","name":"eventBus"}}
{"__type":"$$EventMessageNode","id":"2c9cd23d-b803-4738-99d7-c65676369c0b","ts":"2025-12-03T02:01:55.710-03:00","eventName":"n8n.node.started","message":"n8n.node.started","payload":{"workflowId":"k8V5vYBDDZQIgXPq","workflowName":"My workflow","executionId":"36","nodeType":"n8n-nodes-base.executeCommand","nodeName":"Execute Command","nodeId":"394d3f54-c7d1-4e1c-a4a6-d52546883b7d"}}
{"__type":"$$EventMessageConfirm","confirm":"2c9cd23d-b803-4738-99d7-c65676369c0b","ts":"2025-12-03T02:01:55.710-03:00","source":{"id":"0","name":"eventBus"}}
{"__type":"$$EventMessageNode","id":"8718338d-1d03-4f24-9349-beb561baa737","ts":"2025-12-03T02:01:56.092-03:00","eventName":"n8n.node.finished","message":"n8n.node.finished","payload":{"workflowId":"k8V5vYBDDZQIgXPq","workflowName":"My workflow","executionId":"36","nodeType":"n8n-nodes-base.executeCommand","nodeName":"Execute Command","nodeId":"394d3f54-c7d1-4e1c-a4a6-d52546883b7d"}}
{"__type":"$$EventMessageConfirm","confirm":"8718338d-1d03-4f24-9349-beb561baa737","ts":"2025-12-03T02:01:56.092-03:00","source":{"id":"0","name":"eventBus"}}
{"__type":"$$EventMessageNode","id":"d167d2ac-79dc-419d-a1cd-96157b553990","ts":"2025-12-03T02:01:56.093-03:00","eventName":"n8n.node.started","message":"n8n.node.started","payload":{"workflowId":"k8V5vYBDDZQIgXPq","workflowName":"My workflow","executionId":"36","nodeType":"n8n-nodes-base.code","nodeName":"Code in JavaScript","nodeId":"11b2da86-dd64-44ad-9bb8-661cf5cc9fc5"}}
{"__type":"$$EventMessageConfirm","confirm":"d167d2ac-79dc-419d-a1cd-96157b553990","ts":"2025-12-03T02:01:56.093-03:00","source":{"id":"0","name":"eventBus"}}
{"__type":"$$EventMessageNode","id":"a52032ec-ab26-4c9b-845b-d4c874dd50a9","ts":"2025-12-03T02:01:56.099-03:00","eventName":"n8n.node.finished","message":"n8n.node.finished","payload":{"workflowId":"k8V5vYBDDZQIgXPq","workflowName":"My workflow","executionId":"36","nodeType":"n8n-nodes-base.code","nodeName":"Code in JavaScript","nodeId":"11b2da86-dd64-44ad-9bb8-661cf5cc9fc5"}}
{"__type":"$$EventMessageConfirm","confirm":"a52032ec-ab26-4c9b-845b-d4c874dd50a9","ts":"2025-12-03T02:01:56.099-03:00","source":{"id":"0","name":"eventBus"}}
{"__type":"$$EventMessageNode","id":"9c1ea84f-2b41-406e-9897-e36d26890b17","ts":"2025-12-03T02:01:56.100-03:00","eventName":"n8n.node.started","message":"n8n.node.started","payload":{"workflowId":"k8V5vYBDDZQIgXPq","workflowName":"My workflow","executionId":"36","nodeType":"n8n-nodes-base.dataTable","nodeName":"Insert row","nodeId":"ed73e52f-7050-4d42-b5e2-496a5224ac01"}}
{"__type":"$$EventMessageConfirm","confirm":"9c1ea84f-2b41-406e-9897-e36d26890b17","ts":"2025-12-03T02:01:56.100-03:00","source":{"id":"0","name":"eventBus"}}
{"__type":"$$EventMessageNode","id":"049778cf-6b13-4d18-ab83-5ae83b072a9e","ts":"2025-12-03T02:01:56.114-03:00","eventName":"n8n.node.finished","message":"n8n.node.finished","payload":{"workflowId":"k8V5vYBDDZQIgXPq","workflowName":"My workflow","executionId":"36","nodeType":"n8n-nodes-base.dataTable","nodeName":"Insert row","nodeId":"ed73e52f-7050-4d42-b5e2-496a5224ac01"}}
{"__type":"$$EventMessageConfirm","confirm":"049778cf-6b13-4d18-ab83-5ae83b072a9e","ts":"2025-12-03T02:01:56.115-03:00","source":{"id":"0","name":"eventBus"}}
{"__type":"$$EventMessageWorkflow","id":"a4d28495-bcf2-43ea-9cf7-1c1923ea49e6","ts":"2025-12-03T02:01:56.116-03:00","eventName":"n8n.workflow.success","message":"n8n.workflow.success","payload":{"userId":"864258fe-062f-487c-984a-3e936bc9459f","executionId":"36","success":true,"isManual":true,"workflowId":"k8V5vYBDDZQIgXPq","workflowName":"My workflow"}}
{"__type":"$$EventMessageConfirm","confirm":"a4d28495-bcf2-43ea-9cf7-1c1923ea49e6","ts":"2025-12-03T02:01:56.116-03:00","source":{"id":"0","name":"eventBus"}}
